Motphys profiler initialized: disabled
I0220 14:56:36.490364 46768 train.py:77] DeviceSupports(torch=True, torch_gpu=True, jax=False, jax_gpu=False)
[skrl:WARNING] Using `from skrl.envs.torch import ...` is deprecated and will be removed in future versions.
W0220 14:56:36.645575 46768 torch.py:5] Using `from skrl.envs.torch import ...` is deprecated and will be removed in future versions.
[skrl:WARNING]  - Import loaders using `from skrl.envs.loaders.torch import ...`
W0220 14:56:36.645575 46768 torch.py:6]  - Import loaders using `from skrl.envs.loaders.torch import ...`
[skrl:WARNING]  - Import wrappers using `from skrl.envs.wrappers.torch import ...`
W0220 14:56:36.646093 46768 torch.py:7]  - Import wrappers using `from skrl.envs.wrappers.torch import ...`
[skrl:INFO] Seed: 42
I0220 14:56:36.888478 46768 __init__.py:82] Seed: 42
I0220 14:56:38.687927 46768 ppo.py:379] torch.compile applied to model (mode=reduce-overhead)
[Info] 分阶段导航: 3笑脸 → 3红包 → 高台 → 庆祝

  0%|          | 0/48500 [00:00<?, ?it/s]
  0%|          | 1/48500 [00:00<12:01:38,  1.12it/s]
  0%|          | 2/48500 [00:01<8:00:29,  1.68it/s] 
  0%|          | 3/48500 [00:01<6:07:06,  2.20it/s]
  0%|          | 4/48500 [00:01<4:23:18,  3.07it/s]
  0%|          | 5/48500 [00:01<3:20:24,  4.03it/s]
  0%|          | 6/48500 [00:01<2:49:57,  4.76it/s]
  0%|          | 7/48500 [00:02<2:24:16,  5.60it/s]
  0%|          | 8/48500 [00:02<2:05:19,  6.45it/s]
  0%|          | 10/48500 [00:02<1:43:40,  7.80it/s]
  0%|          | 11/48500 [00:02<1:39:13,  8.14it/s]
  0%|          | 12/48500 [00:02<1:34:25,  8.56it/s]
  0%|          | 13/48500 [00:02<1:31:59,  8.78it/s]
  0%|          | 15/48500 [00:02<1:26:03,  9.39it/s]
  0%|          | 16/48500 [00:02<1:24:52,  9.52it/s]
  0%|          | 17/48500 [00:03<1:24:08,  9.60it/s]
  0%|          | 19/48500 [00:03<1:19:23, 10.18it/s]
  0%|          | 21/48500 [00:03<1:15:55, 10.64it/s]
  0%|          | 23/48500 [00:03<1:15:19, 10.73it/s]
  0%|          | 25/48500 [00:04<2:26:48,  5.50it/s]
  0%|          | 27/48500 [00:04<2:02:47,  6.58it/s]
  0%|          | 29/48500 [00:04<1:47:42,  7.50it/s]
  0%|          | 31/48500 [00:04<1:36:33,  8.37it/s]
  0%|          | 33/48500 [00:05<1:30:15,  8.95it/s]
  0%|          | 35/48500 [00:05<1:25:32,  9.44it/s]
  0%|          | 37/48500 [00:05<1:23:43,  9.65it/s]
  0%|          | 39/48500 [00:05<1:22:36,  9.78it/s]
  0%|          | 41/48500 [00:05<1:26:37,  9.32it/s]
  0%|          | 42/48500 [00:05<1:28:54,  9.08it/s]
  0%|          | 43/48500 [00:06<1:30:30,  8.92it/s]
  0%|          | 44/48500 [00:06<1:30:08,  8.96it/s]
  0%|          | 46/48500 [00:06<1:25:15,  9.47it/s]
  0%|          | 47/48500 [00:06<1:25:35,  9.44it/s]
  0%|          | 48/48500 [00:07<2:50:38,  4.73it/s]
  0%|          | 50/48500 [00:07<2:10:23,  6.19it/s]
  0%|          | 51/48500 [00:07<2:01:04,  6.67it/s]
  0%|          | 52/48500 [00:07<1:52:10,  7.20it/s]
  0%|          | 53/48500 [00:07<1:44:52,  7.70it/s]
  0%|          | 55/48500 [00:07<1:33:45,  8.61it/s]
  0%|          | 57/48500 [00:07<1:30:11,  8.95it/s]
  0%|          | 58/48500 [00:08<1:29:45,  8.99it/s]
  0%|          | 59/48500 [00:08<1:29:01,  9.07it/s]
  0%|          | 60/48500 [00:08<1:27:27,  9.23it/s]
  0%|          | 61/48500 [00:08<1:27:16,  9.25it/s]
  0%|          | 62/48500 [00:08<1:27:50,  9.19it/s]
  0%|          | 63/48500 [00:08<1:30:18,  8.94it/s]
  0%|          | 64/48500 [00:08<1:32:00,  8.77it/s]
  0%|          | 65/48500 [00:08<1:31:19,  8.84it/s]
  0%|          | 66/48500 [00:08<1:32:52,  8.69it/s]
  0%|          | 67/48500 [00:09<1:30:57,  8.88it/s]
  0%|          | 68/48500 [00:09<1:29:52,  8.98it/s]
  0%|          | 69/48500 [00:09<1:29:52,  8.98it/s]
  0%|          | 70/48500 [00:09<1:29:03,  9.06it/s]
  0%|          | 71/48500 [00:09<1:30:46,  8.89it/s]
  0%|          | 72/48500 [00:10<3:36:07,  3.73it/s]
  0%|          | 74/48500 [00:10<2:34:40,  5.22it/s]
  0%|          | 75/48500 [00:10<2:18:58,  5.81it/s]
  0%|          | 76/48500 [00:10<2:05:52,  6.41it/s]
  0%|          | 77/48500 [00:10<1:55:11,  7.01it/s]
  0%|          | 78/48500 [00:10<1:46:18,  7.59it/s]
  0%|          | 79/48500 [00:10<1:41:08,  7.98it/s]
  0%|          | 80/48500 [00:11<1:41:48,  7.93it/s]
  0%|          | 81/48500 [00:11<1:40:26,  8.03it/s]
  0%|          | 82/48500 [00:11<1:36:28,  8.36it/s]
  0%|          | 83/48500 [00:11<1:37:09,  8.31it/s]
  0%|          | 84/48500 [00:11<1:40:24,  8.04it/s]
  0%|          | 85/48500 [00:11<1:38:44,  8.17it/s]
  0%|          | 86/48500 [00:11<1:43:17,  7.81it/s]
  0%|          | 87/48500 [00:11<1:43:18,  7.81it/s]
  0%|          | 88/48500 [00:12<1:41:18,  7.96it/s]
  0%|          | 89/48500 [00:12<1:41:13,  7.97it/s]
  0%|          | 90/48500 [00:12<1:37:40,  8.26it/s]
  0%|          | 91/48500 [00:12<1:34:19,  8.55it/s]
  0%|          | 92/48500 [00:12<1:31:40,  8.80it/s]
  0%|          | 93/48500 [00:12<1:32:51,  8.69it/s]
  0%|          | 94/48500 [00:12<1:30:45,  8.89it/s]
  0%|          | 95/48500 [00:12<1:29:28,  9.02it/s]
  0%|          | 96/48500 [00:13<3:19:38,  4.04it/s]
  0%|          | 98/48500 [00:13<2:21:23,  5.71it/s]
  0%|          | 99/48500 [00:13<2:10:00,  6.20it/s]
  0%|          | 101/48500 [00:13<1:48:19,  7.45it/s]
  0%|          | 102/48500 [00:13<1:43:49,  7.77it/s]
  0%|          | 103/48500 [00:14<1:43:02,  7.83it/s]
  0%|          | 104/48500 [00:14<1:39:25,  8.11it/s]
  0%|          | 105/48500 [00:14<1:39:42,  8.09it/s]
  0%|          | 106/48500 [00:14<1:35:10,  8.48it/s]
  0%|          | 107/48500 [00:14<1:37:54,  8.24it/s]
  0%|          | 108/48500 [00:14<1:35:25,  8.45it/s]
  0%|          | 109/48500 [00:14<1:42:12,  7.89it/s]
  0%|          | 110/48500 [00:14<1:39:46,  8.08it/s]
  0%|          | 111/48500 [00:15<1:41:14,  7.97it/s]
  0%|          | 112/48500 [00:15<1:37:36,  8.26it/s]
  0%|          | 113/48500 [00:15<1:34:23,  8.54it/s]
  0%|          | 114/48500 [00:15<1:32:07,  8.75it/s]
  0%|          | 115/48500 [00:15<1:31:07,  8.85it/s]
  0%|          | 116/48500 [00:15<1:34:15,  8.55it/s]
  0%|          | 118/48500 [00:15<1:25:01,  9.48it/s]
  0%|          | 119/48500 [00:15<1:24:13,  9.57it/s]
  0%|          | 120/48500 [00:16<3:06:51,  4.32it/s]
  0%|          | 122/48500 [00:16<2:18:14,  5.83it/s]
  0%|          | 123/48500 [00:16<2:09:56,  6.20it/s]
  0%|          | 124/48500 [00:16<1:58:33,  6.80it/s]
  0%|          | 125/48500 [00:17<1:49:03,  7.39it/s]
  0%|          | 126/48500 [00:17<1:43:36,  7.78it/s]
  0%|          | 127/48500 [00:17<1:40:04,  8.06it/s]
  0%|          | 128/48500 [00:17<1:39:14,  8.12it/s]
  0%|          | 129/48500 [00:17<1:36:54,  8.32it/s]
  0%|          | 130/48500 [00:17<1:34:27,  8.53it/s]
  0%|          | 131/48500 [00:17<1:41:09,  7.97it/s]
  0%|          | 132/48500 [00:17<1:47:31,  7.50it/s]
  0%|          | 133/48500 [00:18<1:43:25,  7.79it/s]
  0%|          | 134/48500 [00:18<1:42:00,  7.90it/s]
  0%|          | 135/48500 [00:18<1:40:26,  8.03it/s]
  0%|          | 136/48500 [00:18<1:36:04,  8.39it/s]
  0%|          | 137/48500 [00:18<1:36:25,  8.36it/s]
  0%|          | 138/48500 [00:18<1:35:08,  8.47it/s]
  0%|          | 139/48500 [00:18<1:36:34,  8.35it/s]
  0%|          | 140/48500 [00:18<1:34:35,  8.52it/s]
  0%|          | 141/48500 [00:18<1:36:49,  8.32it/s]
  0%|          | 142/48500 [00:19<1:36:35,  8.34it/s]
