Motphys profiler initialized: disabled
I0220 18:49:22.420116 46024 train.py:77] DeviceSupports(torch=True, torch_gpu=True, jax=False, jax_gpu=False)
[skrl:WARNING] Using `from skrl.envs.torch import ...` is deprecated and will be removed in future versions.
W0220 18:49:22.576146 46024 torch.py:5] Using `from skrl.envs.torch import ...` is deprecated and will be removed in future versions.
[skrl:WARNING]  - Import loaders using `from skrl.envs.loaders.torch import ...`
W0220 18:49:22.576146 46024 torch.py:6]  - Import loaders using `from skrl.envs.loaders.torch import ...`
[skrl:WARNING]  - Import wrappers using `from skrl.envs.wrappers.torch import ...`
W0220 18:49:22.576146 46024 torch.py:7]  - Import wrappers using `from skrl.envs.wrappers.torch import ...`
[skrl:INFO] Seed: 42
I0220 18:49:22.803682 46024 __init__.py:82] Seed: 42
I0220 18:49:24.587774 46024 ppo.py:379] torch.compile applied to model (mode=reduce-overhead)
[Info] 分阶段导航: 3笑脸 → 3红包 → 高台 → 庆祝

  0%|          | 0/200 [00:00<?, ?it/s]
  0%|          | 1/200 [00:00<02:59,  1.11it/s]
  1%|          | 2/200 [00:01<01:59,  1.65it/s]
  2%|▏         | 3/200 [00:01<01:32,  2.13it/s]
  2%|▏         | 4/200 [00:01<01:05,  2.98it/s]
  2%|▎         | 5/200 [00:01<00:49,  3.97it/s]
  3%|▎         | 6/200 [00:01<00:39,  4.93it/s]
  4%|▎         | 7/200 [00:02<00:32,  5.89it/s]
  4%|▍         | 8/200 [00:02<00:28,  6.65it/s]
  5%|▌         | 10/200 [00:02<00:24,  7.91it/s]
  6%|▌         | 11/200 [00:02<00:22,  8.32it/s]
  6%|▋         | 13/200 [00:02<00:20,  9.02it/s]
  8%|▊         | 15/200 [00:02<00:19,  9.27it/s]
  8%|▊         | 16/200 [00:02<00:20,  9.18it/s]
  8%|▊         | 17/200 [00:03<00:19,  9.28it/s]
  9%|▉         | 18/200 [00:03<00:19,  9.11it/s]
 10%|█         | 20/200 [00:03<00:18,  9.54it/s]
 10%|█         | 21/200 [00:03<00:18,  9.55it/s]
 12%|█▏        | 23/200 [00:03<00:17,  9.85it/s]
 12%|█▏        | 24/200 [00:04<00:42,  4.18it/s]
 13%|█▎        | 26/200 [00:04<00:30,  5.64it/s]
 14%|█▍        | 28/200 [00:04<00:25,  6.76it/s]
 15%|█▌        | 30/200 [00:04<00:21,  7.85it/s]
 16%|█▌        | 32/200 [00:05<00:19,  8.62it/s]
 17%|█▋        | 34/200 [00:05<00:18,  8.93it/s]
 18%|█▊        | 36/200 [00:05<00:18,  8.99it/s]
 18%|█▊        | 37/200 [00:05<00:17,  9.14it/s]
 19%|█▉        | 38/200 [00:05<00:17,  9.29it/s]
 20%|█▉        | 39/200 [00:05<00:17,  9.43it/s]
 20%|██        | 40/200 [00:05<00:17,  9.38it/s]
 20%|██        | 41/200 [00:06<00:17,  9.25it/s]
 21%|██        | 42/200 [00:06<00:17,  9.00it/s]
 22%|██▏       | 43/200 [00:06<00:17,  9.14it/s]
 22%|██▏       | 44/200 [00:06<00:16,  9.21it/s]
 23%|██▎       | 46/200 [00:06<00:16,  9.54it/s]
 24%|██▎       | 47/200 [00:06<00:17,  8.93it/s]
 24%|██▍       | 48/200 [00:07<00:36,  4.22it/s]
 25%|██▌       | 50/200 [00:07<00:26,  5.57it/s]
 26%|██▌       | 51/200 [00:07<00:24,  6.20it/s]
 26%|██▋       | 53/200 [00:07<00:19,  7.38it/s]
 27%|██▋       | 54/200 [00:07<00:18,  7.72it/s]
 28%|██▊       | 55/200 [00:08<00:18,  7.93it/s]
 28%|██▊       | 56/200 [00:08<00:17,  8.35it/s]
 28%|██▊       | 57/200 [00:08<00:16,  8.45it/s]
 29%|██▉       | 58/200 [00:08<00:16,  8.67it/s]
 30%|██▉       | 59/200 [00:08<00:15,  8.95it/s]
 30%|███       | 61/200 [00:08<00:15,  9.25it/s]
 31%|███       | 62/200 [00:08<00:14,  9.23it/s]
 32%|███▏      | 63/200 [00:08<00:15,  9.03it/s]
 32%|███▏      | 64/200 [00:09<00:15,  8.83it/s]
 32%|███▎      | 65/200 [00:09<00:15,  8.77it/s]
 33%|███▎      | 66/200 [00:09<00:14,  8.94it/s]
 34%|███▎      | 67/200 [00:09<00:15,  8.86it/s]
 34%|███▍      | 68/200 [00:09<00:15,  8.33it/s]
 34%|███▍      | 69/200 [00:09<00:15,  8.53it/s]
 35%|███▌      | 70/200 [00:09<00:15,  8.45it/s]
 36%|███▌      | 71/200 [00:09<00:15,  8.55it/s]
 36%|███▌      | 72/200 [00:10<00:32,  3.97it/s]
 37%|███▋      | 74/200 [00:10<00:22,  5.56it/s]
 38%|███▊      | 75/200 [00:10<00:20,  6.07it/s]
 38%|███▊      | 76/200 [00:10<00:18,  6.70it/s]
 38%|███▊      | 77/200 [00:10<00:17,  7.21it/s]
 39%|███▉      | 78/200 [00:11<00:16,  7.58it/s]
 40%|███▉      | 79/200 [00:11<00:15,  7.95it/s]
 40%|████      | 80/200 [00:11<00:14,  8.16it/s]
 40%|████      | 81/200 [00:11<00:14,  8.43it/s]
 41%|████      | 82/200 [00:11<00:13,  8.57it/s]
 42%|████▏     | 83/200 [00:11<00:14,  8.27it/s]
 42%|████▏     | 84/200 [00:11<00:13,  8.52it/s]
 42%|████▎     | 85/200 [00:11<00:13,  8.70it/s]
 43%|████▎     | 86/200 [00:11<00:13,  8.17it/s]
 44%|████▎     | 87/200 [00:12<00:13,  8.16it/s]
 44%|████▍     | 88/200 [00:12<00:13,  8.44it/s]
 44%|████▍     | 89/200 [00:12<00:12,  8.66it/s]
 45%|████▌     | 90/200 [00:12<00:12,  8.71it/s]
 46%|████▌     | 91/200 [00:12<00:12,  8.51it/s]
 46%|████▌     | 92/200 [00:12<00:13,  8.12it/s]
 46%|████▋     | 93/200 [00:12<00:12,  8.30it/s]
 47%|████▋     | 94/200 [00:12<00:13,  8.05it/s]
 48%|████▊     | 95/200 [00:13<00:12,  8.11it/s]
 48%|████▊     | 96/200 [00:13<00:26,  3.87it/s]
 49%|████▉     | 98/200 [00:13<00:18,  5.55it/s]
 50%|████▉     | 99/200 [00:13<00:16,  6.15it/s]
 50%|█████     | 100/200 [00:14<00:17,  5.79it/s]
 50%|█████     | 101/200 [00:14<00:16,  6.19it/s]
 51%|█████     | 102/200 [00:14<00:14,  6.74it/s]
 52%|█████▏    | 103/200 [00:14<00:13,  7.41it/s]
 52%|█████▏    | 104/200 [00:14<00:12,  7.68it/s]
 52%|█████▎    | 105/200 [00:14<00:12,  7.87it/s]
 53%|█████▎    | 106/200 [00:14<00:11,  8.19it/s]
 54%|█████▎    | 107/200 [00:14<00:11,  8.36it/s]
 54%|█████▍    | 108/200 [00:15<00:10,  8.54it/s]
 55%|█████▍    | 109/200 [00:15<00:10,  8.43it/s]
 55%|█████▌    | 110/200 [00:15<00:10,  8.27it/s]
 56%|█████▌    | 111/200 [00:15<00:10,  8.29it/s]
 56%|█████▌    | 112/200 [00:15<00:10,  8.23it/s]
 56%|█████▋    | 113/200 [00:15<00:10,  8.18it/s]
 57%|█████▋    | 114/200 [00:15<00:10,  8.38it/s]
 57%|█████▊    | 115/200 [00:15<00:10,  8.36it/s]
 58%|█████▊    | 116/200 [00:16<00:10,  8.32it/s]
 59%|█████▉    | 118/200 [00:16<00:08,  9.14it/s]
 60%|█████▉    | 119/200 [00:16<00:09,  8.97it/s]
 60%|██████    | 120/200 [00:16<00:18,  4.29it/s]
 61%|██████    | 122/200 [00:17<00:13,  5.74it/s]
 62%|██████▏   | 123/200 [00:17<00:12,  6.26it/s]
 62%|██████▏   | 124/200 [00:17<00:11,  6.75it/s]
 62%|██████▎   | 125/200 [00:17<00:10,  7.08it/s]
 63%|██████▎   | 126/200 [00:17<00:09,  7.42it/s]
 64%|██████▎   | 127/200 [00:17<00:09,  7.61it/s]
 64%|██████▍   | 128/200 [00:17<00:09,  7.84it/s]
 64%|██████▍   | 129/200 [00:17<00:09,  7.72it/s]
 65%|██████▌   | 130/200 [00:18<00:09,  7.74it/s]
 66%|██████▌   | 131/200 [00:18<00:08,  8.25it/s]
 66%|██████▌   | 132/200 [00:18<00:07,  8.53it/s]
 66%|██████▋   | 133/200 [00:18<00:08,  8.03it/s]
 67%|██████▋   | 134/200 [00:18<00:08,  8.15it/s]
 68%|██████▊   | 135/200 [00:18<00:08,  8.07it/s]
 68%|██████▊   | 136/200 [00:18<00:07,  8.29it/s]
 68%|██████▊   | 137/200 [00:18<00:07,  8.30it/s]
 69%|██████▉   | 138/200 [00:19<00:07,  8.24it/s]
 70%|██████▉   | 139/200 [00:19<00:07,  8.31it/s]
 70%|███████   | 140/200 [00:19<00:06,  8.62it/s]
 70%|███████   | 141/200 [00:19<00:06,  8.64it/s]
 71%|███████   | 142/200 [00:19<00:06,  8.56it/s]
 72%|███████▏  | 143/200 [00:19<00:06,  8.69it/s]
 72%|███████▏  | 144/200 [00:20<00:14,  3.99it/s]
 73%|███████▎  | 146/200 [00:20<00:09,  5.65it/s]
 74%|███████▎  | 147/200 [00:20<00:08,  6.14it/s]
 74%|███████▍  | 148/200 [00:20<00:07,  6.73it/s]
 74%|███████▍  | 149/200 [00:20<00:06,  7.29it/s]
 75%|███████▌  | 150/200 [00:20<00:07,  6.99it/s]
 76%|███████▌  | 151/200 [00:20<00:06,  7.42it/s]
 76%|███████▌  | 152/200 [00:21<00:06,  7.74it/s]
 76%|███████▋  | 153/200 [00:21<00:05,  7.93it/s]
 77%|███████▋  | 154/200 [00:21<00:05,  8.29it/s]
 78%|███████▊  | 155/200 [00:21<00:05,  8.50it/s]
 78%|███████▊  | 156/200 [00:21<00:05,  8.74it/s]
 78%|███████▊  | 157/200 [00:21<00:04,  8.71it/s]
 79%|███████▉  | 158/200 [00:21<00:04,  8.66it/s]
 80%|███████▉  | 159/200 [00:21<00:04,  8.59it/s]
 80%|████████  | 160/200 [00:21<00:04,  8.49it/s]
 80%|████████  | 161/200 [00:22<00:04,  8.37it/s]
 81%|████████  | 162/200 [00:22<00:04,  8.20it/s]
 82%|████████▏ | 163/200 [00:22<00:04,  7.68it/s]
 82%|████████▏ | 164/200 [00:22<00:04,  8.20it/s]
 82%|████████▎ | 165/200 [00:22<00:04,  8.24it/s]
 83%|████████▎ | 166/200 [00:22<00:04,  8.35it/s]
 84%|████████▎ | 167/200 [00:22<00:03,  8.75it/s]
 84%|████████▍ | 168/200 [00:23<00:08,  3.96it/s]
 85%|████████▌ | 170/200 [00:23<00:05,  5.54it/s]
 86%|████████▌ | 171/200 [00:23<00:04,  6.11it/s]
 86%|████████▌ | 172/200 [00:23<00:04,  6.72it/s]
 86%|████████▋ | 173/200 [00:23<00:04,  6.74it/s]
 87%|████████▋ | 174/200 [00:24<00:03,  7.12it/s]
 88%|████████▊ | 175/200 [00:24<00:03,  7.44it/s]
 88%|████████▊ | 176/200 [00:24<00:03,  7.75it/s]
 88%|████████▊ | 177/200 [00:24<00:03,  7.58it/s]
 89%|████████▉ | 178/200 [00:24<00:02,  7.73it/s]
 90%|████████▉ | 179/200 [00:24<00:02,  7.32it/s]
 90%|█████████ | 180/200 [00:24<00:02,  7.66it/s]
 90%|█████████ | 181/200 [00:24<00:02,  7.95it/s]
 91%|█████████ | 182/200 [00:25<00:02,  8.26it/s]
 92%|█████████▏| 183/200 [00:25<00:02,  7.94it/s]
 92%|█████████▏| 184/200 [00:25<00:02,  7.68it/s]
 92%|█████████▎| 185/200 [00:25<00:01,  7.70it/s]
 93%|█████████▎| 186/200 [00:25<00:01,  8.05it/s]
 94%|█████████▎| 187/200 [00:25<00:01,  8.10it/s]
 94%|█████████▍| 188/200 [00:25<00:01,  8.25it/s]
 94%|█████████▍| 189/200 [00:25<00:01,  8.40it/s]
 95%|█████████▌| 190/200 [00:26<00:01,  8.44it/s]
 96%|█████████▌| 191/200 [00:26<00:01,  8.20it/s]
 96%|█████████▌| 192/200 [00:26<00:02,  3.75it/s]
 97%|█████████▋| 194/200 [00:26<00:01,  5.35it/s]
 98%|█████████▊| 195/200 [00:27<00:00,  5.93it/s]
 98%|█████████▊| 196/200 [00:27<00:00,  6.34it/s]
 98%|█████████▊| 197/200 [00:27<00:00,  6.67it/s]
 99%|█████████▉| 198/200 [00:27<00:00,  7.20it/s]
100%|█████████▉| 199/200 [00:27<00:00,  7.03it/s]
100%|██████████| 200/200 [00:27<00:00,  6.41it/s]
100%|██████████| 200/200 [00:27<00:00,  7.19it/s]
[skrl:INFO] Closing environment
I0220 18:49:52.511409 46024 base.py:80] Closing environment
[skrl:INFO] Environment closed
I0220 18:49:52.511409 46024 base.py:82] Environment closed
