Motphys profiler initialized: disabled
I0220 04:36:55.160087 32020 train.py:77] DeviceSupports(torch=True, torch_gpu=True, jax=False, jax_gpu=False)
[skrl:WARNING] Using `from skrl.envs.torch import ...` is deprecated and will be removed in future versions.
W0220 04:36:55.316426 32020 torch.py:5] Using `from skrl.envs.torch import ...` is deprecated and will be removed in future versions.
[skrl:WARNING]  - Import loaders using `from skrl.envs.loaders.torch import ...`
W0220 04:36:55.316426 32020 torch.py:6]  - Import loaders using `from skrl.envs.loaders.torch import ...`
[skrl:WARNING]  - Import wrappers using `from skrl.envs.wrappers.torch import ...`
W0220 04:36:55.316426 32020 torch.py:7]  - Import wrappers using `from skrl.envs.wrappers.torch import ...`
[skrl:INFO] Seed: 42
I0220 04:36:55.542829 32020 __init__.py:82] Seed: 42
I0220 04:36:57.271480 32020 ppo.py:379] torch.compile applied to model (mode=reduce-overhead)
[Info] 分阶段导航: 3笑脸 → 3红包 → 高台 → 庆祝

  0%|          | 0/24000 [00:00<?, ?it/s]
  0%|          | 1/24000 [00:01<6:46:10,  1.02s/it]
  0%|          | 2/24000 [00:01<4:33:52,  1.46it/s]
  0%|          | 3/24000 [00:01<3:29:38,  1.91it/s]
  0%|          | 4/24000 [00:01<2:26:54,  2.72it/s]
  0%|          | 5/24000 [00:02<1:50:00,  3.64it/s]
  0%|          | 6/24000 [00:02<1:26:14,  4.64it/s]
  0%|          | 8/24000 [00:02<1:04:07,  6.24it/s]
  0%|          | 9/24000 [00:02<58:06,  6.88it/s]  
  0%|          | 10/24000 [00:02<54:02,  7.40it/s]
  0%|          | 11/24000 [00:02<50:49,  7.87it/s]
  0%|          | 13/24000 [00:02<46:05,  8.67it/s]
  0%|          | 14/24000 [00:02<44:49,  8.92it/s]
  0%|          | 16/24000 [00:03<42:17,  9.45it/s]
  0%|          | 17/24000 [00:03<42:04,  9.50it/s]
  0%|          | 18/24000 [00:03<42:24,  9.43it/s]
  0%|          | 19/24000 [00:03<43:53,  9.11it/s]
  0%|          | 20/24000 [00:03<42:54,  9.32it/s]
  0%|          | 22/24000 [00:03<42:10,  9.48it/s]
  0%|          | 23/24000 [00:03<42:06,  9.49it/s]
  0%|          | 24/24000 [00:04<1:39:42,  4.01it/s]
  0%|          | 26/24000 [00:04<1:12:21,  5.52it/s]
  0%|          | 27/24000 [00:04<1:05:36,  6.09it/s]
  0%|          | 28/24000 [00:04<1:00:08,  6.64it/s]
  0%|          | 29/24000 [00:05<55:53,  7.15it/s]  
  0%|          | 30/24000 [00:05<53:16,  7.50it/s]
  0%|          | 31/24000 [00:05<49:37,  8.05it/s]
  0%|          | 32/24000 [00:05<47:53,  8.34it/s]
  0%|          | 33/24000 [00:05<46:23,  8.61it/s]
  0%|          | 34/24000 [00:05<49:44,  8.03it/s]
  0%|          | 35/24000 [00:05<46:54,  8.52it/s]
  0%|          | 36/24000 [00:05<45:07,  8.85it/s]
  0%|          | 37/24000 [00:05<44:13,  9.03it/s]
  0%|          | 38/24000 [00:06<44:44,  8.93it/s]
  0%|          | 39/24000 [00:06<47:44,  8.36it/s]
  0%|          | 40/24000 [00:06<47:48,  8.35it/s]
  0%|          | 41/24000 [00:06<47:12,  8.46it/s]
  0%|          | 42/24000 [00:06<46:55,  8.51it/s]
  0%|          | 43/24000 [00:06<49:42,  8.03it/s]
  0%|          | 44/24000 [00:06<52:20,  7.63it/s]
  0%|          | 45/24000 [00:06<50:21,  7.93it/s]
  0%|          | 46/24000 [00:07<47:34,  8.39it/s]
  0%|          | 47/24000 [00:07<46:13,  8.64it/s]
  0%|          | 48/24000 [00:07<1:44:12,  3.83it/s]
  0%|          | 50/24000 [00:07<1:13:17,  5.45it/s]
  0%|          | 51/24000 [00:08<1:06:52,  5.97it/s]
  0%|          | 52/24000 [00:08<1:02:22,  6.40it/s]
  0%|          | 53/24000 [00:08<58:58,  6.77it/s]  
  0%|          | 54/24000 [00:08<54:27,  7.33it/s]
  0%|          | 56/24000 [00:08<49:28,  8.07it/s]
  0%|          | 57/24000 [00:08<47:51,  8.34it/s]
  0%|          | 58/24000 [00:08<47:38,  8.38it/s]
  0%|          | 59/24000 [00:09<49:50,  8.01it/s]
  0%|          | 60/24000 [00:09<48:55,  8.16it/s]
  0%|          | 61/24000 [00:09<49:00,  8.14it/s]
  0%|          | 62/24000 [00:09<48:35,  8.21it/s]
  0%|          | 63/24000 [00:09<49:11,  8.11it/s]
  0%|          | 64/24000 [00:09<48:52,  8.16it/s]
  0%|          | 65/24000 [00:09<48:07,  8.29it/s]
  0%|          | 66/24000 [00:09<46:40,  8.55it/s]
  0%|          | 67/24000 [00:09<47:01,  8.48it/s]
  0%|          | 68/24000 [00:10<48:12,  8.27it/s]
  0%|          | 69/24000 [00:10<49:11,  8.11it/s]
  0%|          | 70/24000 [00:10<48:49,  8.17it/s]
  0%|          | 71/24000 [00:10<49:07,  8.12it/s]
  0%|          | 72/24000 [00:11<1:53:01,  3.53it/s]
  0%|          | 74/24000 [00:11<1:19:16,  5.03it/s]
  0%|          | 75/24000 [00:11<1:11:05,  5.61it/s]
  0%|          | 76/24000 [00:11<1:04:56,  6.14it/s]
  0%|          | 77/24000 [00:11<1:03:04,  6.32it/s]
  0%|          | 78/24000 [00:11<58:45,  6.78it/s]  
  0%|          | 79/24000 [00:11<54:28,  7.32it/s]
  0%|          | 80/24000 [00:12<53:21,  7.47it/s]
  0%|          | 81/24000 [00:12<54:03,  7.37it/s]
  0%|          | 82/24000 [00:12<54:28,  7.32it/s]
  0%|          | 83/24000 [00:12<53:32,  7.44it/s]
  0%|          | 84/24000 [00:12<52:08,  7.64it/s]
  0%|          | 85/24000 [00:12<53:33,  7.44it/s]
  0%|          | 86/24000 [00:12<50:16,  7.93it/s]
  0%|          | 87/24000 [00:12<48:41,  8.18it/s]
  0%|          | 88/24000 [00:13<49:22,  8.07it/s]
  0%|          | 89/24000 [00:13<49:44,  8.01it/s]
  0%|          | 90/24000 [00:13<48:21,  8.24it/s]
  0%|          | 91/24000 [00:13<50:49,  7.84it/s]
  0%|          | 92/24000 [00:13<50:38,  7.87it/s]
  0%|          | 93/24000 [00:13<48:52,  8.15it/s]
  0%|          | 94/24000 [00:13<51:29,  7.74it/s]
  0%|          | 95/24000 [00:13<50:18,  7.92it/s]
  0%|          | 96/24000 [00:14<1:40:11,  3.98it/s]
  0%|          | 98/24000 [00:14<1:11:24,  5.58it/s]
  0%|          | 99/24000 [00:14<1:06:00,  6.03it/s]
  0%|          | 100/24000 [00:14<1:00:35,  6.57it/s]
  0%|          | 101/24000 [00:15<57:28,  6.93it/s]  
  0%|          | 102/24000 [00:15<54:28,  7.31it/s]
  0%|          | 103/24000 [00:15<53:10,  7.49it/s]
  0%|          | 104/24000 [00:15<52:33,  7.58it/s]
  0%|          | 105/24000 [00:15<50:53,  7.83it/s]
  0%|          | 106/24000 [00:15<50:29,  7.89it/s]
  0%|          | 107/24000 [00:15<49:43,  8.01it/s]
  0%|          | 108/24000 [00:15<48:09,  8.27it/s]
  0%|          | 110/24000 [00:16<42:27,  9.38it/s]
  0%|          | 111/24000 [00:16<42:04,  9.46it/s]
  0%|          | 112/24000 [00:16<44:02,  9.04it/s]
  0%|          | 113/24000 [00:16<45:11,  8.81it/s]
  0%|          | 114/24000 [00:16<43:52,  9.07it/s]
  0%|          | 115/24000 [00:16<43:05,  9.24it/s]
  0%|          | 116/24000 [00:16<44:08,  9.02it/s]
  0%|          | 117/24000 [00:16<43:01,  9.25it/s]
  0%|          | 118/24000 [00:17<47:32,  8.37it/s]
  0%|          | 119/24000 [00:17<46:00,  8.65it/s]
  0%|          | 120/24000 [00:17<1:38:30,  4.04it/s]
  1%|          | 122/24000 [00:17<1:09:27,  5.73it/s]
  1%|          | 123/24000 [00:17<1:02:54,  6.33it/s]
  1%|          | 124/24000 [00:18<57:41,  6.90it/s]  
  1%|          | 125/24000 [00:18<54:03,  7.36it/s]
  1%|          | 126/24000 [00:18<53:34,  7.43it/s]
  1%|          | 127/24000 [00:18<51:45,  7.69it/s]
  1%|          | 128/24000 [00:18<49:31,  8.03it/s]
  1%|          | 129/24000 [00:18<51:53,  7.67it/s]
  1%|          | 130/24000 [00:18<49:29,  8.04it/s]
  1%|          | 131/24000 [00:18<47:12,  8.43it/s]
  1%|          | 133/24000 [00:19<43:40,  9.11it/s]
  1%|          | 134/24000 [00:19<44:02,  9.03it/s]
  1%|          | 135/24000 [00:19<43:48,  9.08it/s]
  1%|          | 136/24000 [00:19<44:32,  8.93it/s]
  1%|          | 137/24000 [00:19<47:04,  8.45it/s]
  1%|          | 138/24000 [00:19<48:05,  8.27it/s]
  1%|          | 139/24000 [00:19<48:48,  8.15it/s]
  1%|          | 140/24000 [00:19<46:27,  8.56it/s]
  1%|          | 141/24000 [00:20<45:15,  8.79it/s]
  1%|          | 142/24000 [00:20<46:00,  8.64it/s]
  1%|          | 143/24000 [00:20<47:09,  8.43it/s]
  1%|          | 144/24000 [00:20<1:39:12,  4.01it/s]
  1%|          | 146/24000 [00:21<1:10:48,  5.62it/s]
  1%|          | 147/24000 [00:21<1:03:39,  6.25it/s]
  1%|          | 148/24000 [00:21<58:31,  6.79it/s]  
  1%|          | 149/24000 [00:21<54:01,  7.36it/s]
  1%|          | 150/24000 [00:21<51:28,  7.72it/s]
  1%|          | 151/24000 [00:21<48:46,  8.15it/s]
  1%|          | 152/24000 [00:21<47:56,  8.29it/s]
  1%|          | 153/24000 [00:21<46:27,  8.55it/s]
  1%|          | 154/24000 [00:21<46:19,  8.58it/s]
  1%|          | 155/24000 [00:22<46:36,  8.53it/s]
  1%|          | 156/24000 [00:22<46:50,  8.48it/s]
  1%|          | 157/24000 [00:22<46:23,  8.56it/s]
  1%|          | 158/24000 [00:22<49:31,  8.02it/s]
  1%|          | 159/24000 [00:22<48:13,  8.24it/s]
  1%|          | 160/24000 [00:22<47:21,  8.39it/s]
  1%|          | 161/24000 [00:22<47:19,  8.40it/s]
  1%|          | 162/24000 [00:22<47:38,  8.34it/s]
  1%|          | 163/24000 [00:22<45:47,  8.68it/s]
  1%|          | 164/24000 [00:23<45:31,  8.73it/s]
  1%|          | 165/24000 [00:23<44:39,  8.89it/s]
  1%|          | 166/24000 [00:23<47:00,  8.45it/s]
  1%|          | 167/24000 [00:23<48:21,  8.21it/s]
  1%|          | 168/24000 [00:24<1:42:12,  3.89it/s]
  1%|          | 170/24000 [00:24<1:12:27,  5.48it/s]
  1%|          | 171/24000 [00:24<1:06:03,  6.01it/s]
  1%|          | 172/24000 [00:24<59:18,  6.70it/s]  
  1%|          | 173/24000 [00:24<55:34,  7.15it/s]
  1%|          | 174/24000 [00:24<51:51,  7.66it/s]
  1%|          | 175/24000 [00:24<51:54,  7.65it/s]
  1%|          | 176/24000 [00:24<49:26,  8.03it/s]
  1%|          | 177/24000 [00:25<48:12,  8.24it/s]
  1%|          | 178/24000 [00:25<49:06,  8.08it/s]
  1%|          | 179/24000 [00:25<47:01,  8.44it/s]
  1%|          | 180/24000 [00:25<48:21,  8.21it/s]
  1%|          | 181/24000 [00:25<47:11,  8.41it/s]
  1%|          | 182/24000 [00:25<47:23,  8.38it/s]
  1%|          | 183/24000 [00:25<46:10,  8.60it/s]
  1%|          | 184/24000 [00:25<47:30,  8.36it/s]
  1%|          | 185/24000 [00:25<45:53,  8.65it/s]
  1%|          | 186/24000 [00:26<44:37,  8.89it/s]
  1%|          | 187/24000 [00:26<45:05,  8.80it/s]
  1%|          | 188/24000 [00:26<44:32,  8.91it/s]
  1%|          | 189/24000 [00:26<45:16,  8.76it/s]
  1%|          | 190/24000 [00:26<44:32,  8.91it/s]
  1%|          | 191/24000 [00:26<47:37,  8.33it/s]
  1%|          | 192/24000 [00:27<1:45:25,  3.76it/s]
  1%|          | 194/24000 [00:27<1:13:57,  5.37it/s]
  1%|          | 195/24000 [00:27<1:07:23,  5.89it/s]
  1%|          | 196/24000 [00:27<1:00:51,  6.52it/s]
  1%|          | 197/24000 [00:27<59:29,  6.67it/s]  
  1%|          | 198/24000 [00:27<57:12,  6.93it/s]
  1%|          | 199/24000 [00:28<55:22,  7.16it/s]
  1%|          | 200/24000 [00:28<52:10,  7.60it/s]
  1%|          | 201/24000 [00:28<49:43,  7.98it/s]
  1%|          | 202/24000 [00:28<49:02,  8.09it/s]
  1%|          | 203/24000 [00:28<48:00,  8.26it/s]
  1%|          | 204/24000 [00:28<48:32,  8.17it/s]
  1%|          | 205/24000 [00:28<48:28,  8.18it/s]
  1%|          | 206/24000 [00:28<51:18,  7.73it/s]
  1%|          | 207/24000 [00:29<50:08,  7.91it/s]
  1%|          | 208/24000 [00:29<48:35,  8.16it/s]
  1%|          | 209/24000 [00:29<46:55,  8.45it/s]
  1%|          | 210/24000 [00:29<46:06,  8.60it/s]
  1%|          | 211/24000 [00:29<48:55,  8.10it/s]
  1%|          | 212/24000 [00:29<47:47,  8.30it/s]
  1%|          | 213/24000 [00:29<46:17,  8.57it/s]
  1%|          | 214/24000 [00:29<44:42,  8.87it/s]
  1%|          | 215/24000 [00:29<44:10,  8.97it/s]
  1%|          | 216/24000 [00:30<1:37:47,  4.05it/s]
  1%|          | 218/24000 [00:30<1:09:50,  5.67it/s]
  1%|          | 219/24000 [00:30<1:03:22,  6.25it/s]
  1%|          | 220/24000 [00:30<59:42,  6.64it/s]  
  1%|          | 221/24000 [00:31<57:19,  6.91it/s]
  1%|          | 222/24000 [00:31<54:11,  7.31it/s]
  1%|          | 223/24000 [00:31<53:22,  7.42it/s]
  1%|          | 224/24000 [00:31<53:08,  7.46it/s]
  1%|          | 225/24000 [00:31<51:15,  7.73it/s]
  1%|          | 226/24000 [00:31<49:25,  8.02it/s]
  1%|          | 227/24000 [00:31<49:32,  8.00it/s]
  1%|          | 228/24000 [00:31<49:38,  7.98it/s]
  1%|          | 229/24000 [00:32<48:56,  8.10it/s]
  1%|          | 230/24000 [00:32<47:55,  8.27it/s]
  1%|          | 231/24000 [00:32<47:17,  8.38it/s]
  1%|          | 232/24000 [00:32<48:38,  8.14it/s]
  1%|          | 233/24000 [00:32<47:22,  8.36it/s]
  1%|          | 234/24000 [00:32<46:37,  8.50it/s]
  1%|          | 235/24000 [00:32<46:31,  8.51it/s]
  1%|          | 236/24000 [00:32<45:16,  8.75it/s]
  1%|          | 237/24000 [00:32<47:20,  8.37it/s]
  1%|          | 238/24000 [00:33<47:54,  8.27it/s]
  1%|          | 239/24000 [00:33<48:56,  8.09it/s]
  1%|          | 240/24000 [00:33<1:44:08,  3.80it/s]
  1%|          | 242/24000 [00:34<1:15:47,  5.22it/s]
  1%|          | 243/24000 [00:34<1:08:32,  5.78it/s]
  1%|          | 244/24000 [00:34<1:05:29,  6.05it/s]
  1%|          | 245/24000 [00:34<1:01:09,  6.47it/s]
  1%|          | 246/24000 [00:34<57:40,  6.87it/s]  
  1%|          | 247/24000 [00:34<55:31,  7.13it/s]
  1%|          | 248/24000 [00:34<53:29,  7.40it/s]
  1%|          | 249/24000 [00:34<52:04,  7.60it/s]
  1%|          | 250/24000 [00:35<52:14,  7.58it/s]
  1%|          | 251/24000 [00:35<50:02,  7.91it/s]
  1%|          | 252/24000 [00:35<47:14,  8.38it/s]
  1%|          | 253/24000 [00:35<47:22,  8.35it/s]
  1%|          | 254/24000 [00:35<47:20,  8.36it/s]
  1%|          | 255/24000 [00:35<48:13,  8.21it/s]
  1%|          | 256/24000 [00:35<47:17,  8.37it/s]
  1%|          | 257/24000 [00:35<48:26,  8.17it/s]
  1%|          | 258/24000 [00:36<48:06,  8.22it/s]
  1%|          | 259/24000 [00:36<48:13,  8.21it/s]
  1%|          | 260/24000 [00:36<46:41,  8.47it/s]
  1%|          | 261/24000 [00:36<44:42,  8.85it/s]
  1%|          | 262/24000 [00:36<44:56,  8.80it/s]
  1%|          | 263/24000 [00:36<44:59,  8.79it/s]
  1%|          | 264/24000 [00:37<1:37:48,  4.04it/s]
  1%|          | 266/24000 [00:37<1:11:25,  5.54it/s]
  1%|          | 267/24000 [00:37<1:05:45,  6.02it/s]
  1%|          | 268/24000 [00:37<1:01:00,  6.48it/s]
  1%|          | 269/24000 [00:37<57:03,  6.93it/s]  
  1%|          | 270/24000 [00:37<53:49,  7.35it/s]
  1%|          | 271/24000 [00:37<53:06,  7.45it/s]
  1%|          | 272/24000 [00:38<53:08,  7.44it/s]
  1%|          | 273/24000 [00:38<52:36,  7.52it/s]
  1%|          | 274/24000 [00:38<53:15,  7.42it/s]
  1%|          | 275/24000 [00:38<51:41,  7.65it/s]
  1%|          | 277/24000 [00:38<47:30,  8.32it/s]
  1%|          | 278/24000 [00:38<47:31,  8.32it/s]
  1%|          | 279/24000 [00:38<47:39,  8.30it/s]
  1%|          | 280/24000 [00:39<49:24,  8.00it/s]
  1%|          | 281/24000 [00:39<49:32,  7.98it/s]
  1%|          | 282/24000 [00:39<48:32,  8.14it/s]
  1%|          | 283/24000 [00:39<49:52,  7.93it/s]
  1%|          | 284/24000 [00:39<51:55,  7.61it/s]
  1%|          | 285/24000 [00:39<50:46,  7.79it/s]
  1%|          | 286/24000 [00:39<48:32,  8.14it/s]
  1%|          | 287/24000 [00:39<48:29,  8.15it/s]
  1%|          | 288/24000 [00:40<1:45:52,  3.73it/s]
  1%|          | 290/24000 [00:40<1:18:57,  5.01it/s]
  1%|          | 291/24000 [00:40<1:10:58,  5.57it/s]
  1%|          | 292/24000 [00:41<1:04:31,  6.12it/s]
  1%|          | 293/24000 [00:41<59:46,  6.61it/s]  
  1%|          | 294/24000 [00:41<55:54,  7.07it/s]
  1%|          | 295/24000 [00:41<52:29,  7.53it/s]
  1%|          | 296/24000 [00:41<50:47,  7.78it/s]
  1%|          | 297/24000 [00:41<50:57,  7.75it/s]
  1%|          | 298/24000 [00:41<49:24,  7.99it/s]
  1%|          | 299/24000 [00:41<48:46,  8.10it/s]
  1%|▏         | 300/24000 [00:41<49:03,  8.05it/s]
  1%|▏         | 301/24000 [00:42<50:12,  7.87it/s]
  1%|▏         | 302/24000 [00:42<49:19,  8.01it/s]
  1%|▏         | 303/24000 [00:42<50:36,  7.80it/s]
  1%|▏         | 304/24000 [00:42<49:38,  7.96it/s]
  1%|▏         | 305/24000 [00:42<49:52,  7.92it/s]
  1%|▏         | 306/24000 [00:42<50:32,  7.81it/s]
  1%|▏         | 307/24000 [00:42<49:37,  7.96it/s]
  1%|▏         | 308/24000 [00:42<49:40,  7.95it/s]
  1%|▏         | 309/24000 [00:43<51:51,  7.61it/s]
  1%|▏         | 310/24000 [00:43<49:04,  8.05it/s]
  1%|▏         | 311/24000 [00:43<52:54,  7.46it/s]
  1%|▏         | 312/24000 [00:43<1:46:59,  3.69it/s]
  1%|▏         | 314/24000 [00:44<1:16:15,  5.18it/s]
  1%|▏         | 315/24000 [00:44<1:10:51,  5.57it/s]
  1%|▏         | 316/24000 [00:44<1:04:33,  6.11it/s]
  1%|▏         | 317/24000 [00:44<59:06,  6.68it/s]  
  1%|▏         | 318/24000 [00:44<55:48,  7.07it/s]
  1%|▏         | 319/24000 [00:44<57:44,  6.84it/s]
  1%|▏         | 320/24000 [00:44<57:04,  6.91it/s]
  1%|▏         | 321/24000 [00:45<54:04,  7.30it/s]
  1%|▏         | 322/24000 [00:45<53:29,  7.38it/s]
  1%|▏         | 323/24000 [00:45<51:01,  7.73it/s]
  1%|▏         | 324/24000 [00:45<51:22,  7.68it/s]
  1%|▏         | 325/24000 [00:45<49:54,  7.91it/s]
  1%|▏         | 326/24000 [00:45<48:18,  8.17it/s]
  1%|▏         | 327/24000 [00:45<48:12,  8.19it/s]
  1%|▏         | 328/24000 [00:45<47:13,  8.36it/s]
  1%|▏         | 329/24000 [00:46<47:57,  8.23it/s]
  1%|▏         | 330/24000 [00:46<50:29,  7.81it/s]
  1%|▏         | 331/24000 [00:46<49:10,  8.02it/s]
  1%|▏         | 332/24000 [00:46<47:36,  8.28it/s]
  1%|▏         | 333/24000 [00:46<46:58,  8.40it/s]
  1%|▏         | 334/24000 [00:46<48:29,  8.13it/s]
  1%|▏         | 335/24000 [00:46<46:42,  8.45it/s]
  1%|▏         | 336/24000 [00:47<1:40:31,  3.92it/s]
  1%|▏         | 338/24000 [00:47<1:10:23,  5.60it/s]
  1%|▏         | 339/24000 [00:47<1:03:55,  6.17it/s]
  1%|▏         | 340/24000 [00:47<59:18,  6.65it/s]  
  1%|▏         | 341/24000 [00:47<55:49,  7.06it/s]
  1%|▏         | 342/24000 [00:48<52:42,  7.48it/s]
  1%|▏         | 343/24000 [00:48<50:25,  7.82it/s]
  1%|▏         | 344/24000 [00:48<48:17,  8.16it/s]
  1%|▏         | 345/24000 [00:48<49:10,  8.02it/s]
  1%|▏         | 346/24000 [00:48<48:46,  8.08it/s]
  1%|▏         | 348/24000 [00:48<44:24,  8.88it/s]
  1%|▏         | 349/24000 [00:48<44:16,  8.90it/s]
  1%|▏         | 350/24000 [00:48<44:08,  8.93it/s]
  1%|▏         | 351/24000 [00:49<48:45,  8.08it/s]
  1%|▏         | 352/24000 [00:49<50:55,  7.74it/s]
  1%|▏         | 353/24000 [00:49<49:19,  7.99it/s]
  1%|▏         | 354/24000 [00:49<48:39,  8.10it/s]
  1%|▏         | 355/24000 [00:49<47:20,  8.32it/s]
  1%|▏         | 356/24000 [00:49<46:45,  8.43it/s]
  1%|▏         | 357/24000 [00:49<44:42,  8.82it/s]
  1%|▏         | 358/24000 [00:49<45:49,  8.60it/s]
  1%|▏         | 359/24000 [00:50<47:17,  8.33it/s]
  2%|▏         | 360/24000 [00:50<1:55:31,  3.41it/s]
  2%|▏         | 362/24000 [00:50<1:21:17,  4.85it/s]
  2%|▏         | 363/24000 [00:51<1:17:07,  5.11it/s]
  2%|▏         | 364/24000 [00:51<1:08:34,  5.74it/s]
  2%|▏         | 365/24000 [00:51<1:02:18,  6.32it/s]
  2%|▏         | 366/24000 [00:51<56:23,  6.99it/s]  
  2%|▏         | 367/24000 [00:51<54:02,  7.29it/s]
  2%|▏         | 368/24000 [00:51<53:49,  7.32it/s]
  2%|▏         | 369/24000 [00:51<52:14,  7.54it/s]
  2%|▏         | 370/24000 [00:51<50:45,  7.76it/s]
  2%|▏         | 371/24000 [00:52<50:14,  7.84it/s]
  2%|▏         | 372/24000 [00:52<48:56,  8.05it/s]
  2%|▏         | 373/24000 [00:52<48:16,  8.16it/s]
  2%|▏         | 374/24000 [00:52<48:23,  8.14it/s]
  2%|▏         | 375/24000 [00:52<47:50,  8.23it/s]
  2%|▏         | 376/24000 [00:52<47:30,  8.29it/s]
  2%|▏         | 377/24000 [00:52<47:16,  8.33it/s]
  2%|▏         | 378/24000 [00:52<46:41,  8.43it/s]
  2%|▏         | 379/24000 [00:53<52:30,  7.50it/s]
  2%|▏         | 380/24000 [00:53<51:32,  7.64it/s]
  2%|▏         | 381/24000 [00:53<51:18,  7.67it/s]
  2%|▏         | 382/24000 [00:53<50:07,  7.85it/s]
  2%|▏         | 383/24000 [00:53<49:22,  7.97it/s]
  2%|▏         | 384/24000 [00:54<1:41:12,  3.89it/s]
  2%|▏         | 386/24000 [00:54<1:10:41,  5.57it/s]
  2%|▏         | 387/24000 [00:54<1:03:49,  6.17it/s]
  2%|▏         | 388/24000 [00:54<1:00:51,  6.47it/s]
  2%|▏         | 389/24000 [00:54<58:30,  6.73it/s]  
  2%|▏         | 390/24000 [00:54<53:56,  7.30it/s]
  2%|▏         | 391/24000 [00:54<51:38,  7.62it/s]
  2%|▏         | 392/24000 [00:55<51:03,  7.71it/s]
  2%|▏         | 393/24000 [00:55<49:55,  7.88it/s]
  2%|▏         | 394/24000 [00:55<49:19,  7.98it/s]
  2%|▏         | 395/24000 [00:55<47:28,  8.29it/s]
  2%|▏         | 396/24000 [00:55<46:16,  8.50it/s]
  2%|▏         | 397/24000 [00:55<44:13,  8.89it/s]
  2%|▏         | 398/24000 [00:55<45:13,  8.70it/s]
  2%|▏         | 399/24000 [00:55<46:32,  8.45it/s]
  2%|▏         | 400/24000 [00:55<49:20,  7.97it/s]
  2%|▏         | 401/24000 [00:56<49:20,  7.97it/s]
  2%|▏         | 402/24000 [00:56<50:06,  7.85it/s]
  2%|▏         | 403/24000 [00:56<49:37,  7.93it/s]
  2%|▏         | 404/24000 [00:56<48:14,  8.15it/s]
  2%|▏         | 405/24000 [00:56<45:55,  8.56it/s]
  2%|▏         | 406/24000 [00:56<46:31,  8.45it/s]
  2%|▏         | 407/24000 [00:56<45:08,  8.71it/s]
  2%|▏         | 408/24000 [00:57<1:41:09,  3.89it/s]
  2%|▏         | 410/24000 [00:57<1:11:55,  5.47it/s]
  2%|▏         | 411/24000 [00:57<1:04:47,  6.07it/s]
  2%|▏         | 412/24000 [00:57<1:00:07,  6.54it/s]
  2%|▏         | 413/24000 [00:57<55:43,  7.05it/s]  
  2%|▏         | 414/24000 [00:58<52:45,  7.45it/s]
  2%|▏         | 415/24000 [00:58<49:43,  7.91it/s]
  2%|▏         | 416/24000 [00:58<49:32,  7.93it/s]
  2%|▏         | 417/24000 [00:58<47:44,  8.23it/s]
  2%|▏         | 418/24000 [00:58<46:34,  8.44it/s]
  2%|▏         | 419/24000 [00:58<46:02,  8.54it/s]
  2%|▏         | 420/24000 [00:58<46:21,  8.48it/s]
  2%|▏         | 421/24000 [00:58<47:08,  8.33it/s]
  2%|▏         | 422/24000 [00:58<46:43,  8.41it/s]
  2%|▏         | 423/24000 [00:59<48:15,  8.14it/s]
  2%|▏         | 424/24000 [00:59<50:32,  7.77it/s]
  2%|▏         | 425/24000 [00:59<48:50,  8.04it/s]
  2%|▏         | 426/24000 [00:59<48:14,  8.15it/s]
  2%|▏         | 427/24000 [00:59<45:49,  8.57it/s]
  2%|▏         | 428/24000 [00:59<44:19,  8.86it/s]
  2%|▏         | 429/24000 [00:59<47:03,  8.35it/s]
  2%|▏         | 430/24000 [00:59<47:52,  8.20it/s]
  2%|▏         | 431/24000 [01:00<46:52,  8.38it/s]
  2%|▏         | 432/24000 [01:00<1:42:52,  3.82it/s]
  2%|▏         | 434/24000 [01:00<1:13:25,  5.35it/s]
  2%|▏         | 435/24000 [01:00<1:06:36,  5.90it/s]
  2%|▏         | 436/24000 [01:01<1:03:05,  6.22it/s]
  2%|▏         | 437/24000 [01:01<58:19,  6.73it/s]  
  2%|▏         | 438/24000 [01:01<1:02:35,  6.27it/s]
  2%|▏         | 439/24000 [01:01<58:02,  6.76it/s]  
  2%|▏         | 440/24000 [01:01<54:58,  7.14it/s]
  2%|▏         | 441/24000 [01:01<52:45,  7.44it/s]
  2%|▏         | 442/24000 [01:01<50:48,  7.73it/s]
  2%|▏         | 443/24000 [01:02<50:17,  7.81it/s]
  2%|▏         | 444/24000 [01:02<49:28,  7.93it/s]
  2%|▏         | 445/24000 [01:02<51:18,  7.65it/s]
  2%|▏         | 446/24000 [01:02<51:54,  7.56it/s]
  2%|▏         | 447/24000 [01:02<49:13,  7.97it/s]
  2%|▏         | 448/24000 [01:02<52:16,  7.51it/s]
  2%|▏         | 449/24000 [01:02<50:29,  7.77it/s]
  2%|▏         | 450/24000 [01:02<50:39,  7.75it/s]
  2%|▏         | 451/24000 [01:03<49:28,  7.93it/s]
  2%|▏         | 452/24000 [01:03<49:18,  7.96it/s]
  2%|▏         | 453/24000 [01:03<48:12,  8.14it/s]
  2%|▏         | 454/24000 [01:03<47:53,  8.19it/s]
  2%|▏         | 455/24000 [01:03<46:34,  8.42it/s]
  2%|▏         | 456/24000 [01:04<1:45:15,  3.73it/s]
  2%|▏         | 458/24000 [01:04<1:17:20,  5.07it/s]
  2%|▏         | 459/24000 [01:04<1:09:59,  5.61it/s]
  2%|▏         | 460/24000 [01:04<1:04:42,  6.06it/s]
  2%|▏         | 461/24000 [01:04<1:01:36,  6.37it/s]
  2%|▏         | 462/24000 [01:04<58:37,  6.69it/s]  
  2%|▏         | 463/24000 [01:04<54:49,  7.15it/s]
  2%|▏         | 464/24000 [01:05<54:52,  7.15it/s]
  2%|▏         | 465/24000 [01:05<54:06,  7.25it/s]
  2%|▏         | 466/24000 [01:05<50:21,  7.79it/s]
  2%|▏         | 467/24000 [01:05<54:01,  7.26it/s]
  2%|▏         | 468/24000 [01:05<52:57,  7.41it/s]
  2%|▏         | 469/24000 [01:05<50:50,  7.71it/s]
  2%|▏         | 470/24000 [01:05<52:03,  7.53it/s]
  2%|▏         | 471/24000 [01:06<52:03,  7.53it/s]
  2%|▏         | 472/24000 [01:06<51:35,  7.60it/s]
  2%|▏         | 473/24000 [01:06<50:46,  7.72it/s]
  2%|▏         | 474/24000 [01:06<50:28,  7.77it/s]
  2%|▏         | 475/24000 [01:06<48:49,  8.03it/s]
  2%|▏         | 476/24000 [01:06<48:35,  8.07it/s]
  2%|▏         | 477/24000 [01:06<52:38,  7.45it/s]
  2%|▏         | 478/24000 [01:06<50:06,  7.82it/s]
  2%|▏         | 479/24000 [01:07<51:30,  7.61it/s]
  2%|▏         | 480/24000 [01:07<1:48:24,  3.62it/s]
  2%|▏         | 482/24000 [01:07<1:17:21,  5.07it/s]
  2%|▏         | 483/24000 [01:08<1:09:55,  5.61it/s]
  2%|▏         | 484/24000 [01:08<1:04:41,  6.06it/s]
  2%|▏         | 485/24000 [01:08<1:01:56,  6.33it/s]
  2%|▏         | 486/24000 [01:08<57:29,  6.82it/s]  
  2%|▏         | 487/24000 [01:08<55:13,  7.10it/s]
  2%|▏         | 488/24000 [01:08<56:00,  7.00it/s]
  2%|▏         | 489/24000 [01:08<53:05,  7.38it/s]
  2%|▏         | 490/24000 [01:08<52:34,  7.45it/s]
  2%|▏         | 491/24000 [01:09<51:00,  7.68it/s]
  2%|▏         | 492/24000 [01:09<50:35,  7.74it/s]
  2%|▏         | 493/24000 [01:09<50:40,  7.73it/s]
  2%|▏         | 494/24000 [01:09<51:44,  7.57it/s]
  2%|▏         | 495/24000 [01:09<52:57,  7.40it/s]
  2%|▏         | 496/24000 [01:09<52:19,  7.49it/s]
  2%|▏         | 497/24000 [01:09<51:28,  7.61it/s]
  2%|▏         | 498/24000 [01:09<50:38,  7.73it/s]
  2%|▏         | 499/24000 [01:10<50:22,  7.78it/s]
  2%|▏         | 500/24000 [01:10<58:58,  6.64it/s]
  2%|▏         | 501/24000 [01:10<55:01,  7.12it/s]
  2%|▏         | 502/24000 [01:10<52:03,  7.52it/s]
  2%|▏         | 503/24000 [01:10<50:32,  7.75it/s]
  2%|▏         | 504/24000 [01:11<1:52:06,  3.49it/s]
  2%|▏         | 506/24000 [01:11<1:18:28,  4.99it/s]
  2%|▏         | 507/24000 [01:11<1:11:05,  5.51it/s]
  2%|▏         | 508/24000 [01:11<1:04:46,  6.04it/s]
  2%|▏         | 509/24000 [01:11<1:00:45,  6.44it/s]
  2%|▏         | 510/24000 [01:11<57:39,  6.79it/s]  
  2%|▏         | 511/24000 [01:12<54:53,  7.13it/s]
  2%|▏         | 512/24000 [01:12<52:31,  7.45it/s]
  2%|▏         | 513/24000 [01:12<50:40,  7.72it/s]
  2%|▏         | 514/24000 [01:12<50:00,  7.83it/s]
  2%|▏         | 515/24000 [01:12<49:11,  7.96it/s]
  2%|▏         | 516/24000 [01:12<48:05,  8.14it/s]
  2%|▏         | 517/24000 [01:12<47:26,  8.25it/s]
  2%|▏         | 518/24000 [01:12<48:32,  8.06it/s]
  2%|▏         | 519/24000 [01:13<50:02,  7.82it/s]
  2%|▏         | 520/24000 [01:13<49:41,  7.87it/s]
  2%|▏         | 521/24000 [01:13<48:39,  8.04it/s]
  2%|▏         | 522/24000 [01:13<47:44,  8.19it/s]
  2%|▏         | 523/24000 [01:13<47:01,  8.32it/s]
  2%|▏         | 524/24000 [01:13<46:32,  8.41it/s]
  2%|▏         | 525/24000 [01:13<45:17,  8.64it/s]
  2%|▏         | 527/24000 [01:14<43:40,  8.96it/s]
  2%|▏         | 528/24000 [01:14<1:32:42,  4.22it/s]
  2%|▏         | 530/24000 [01:14<1:10:15,  5.57it/s]
  2%|▏         | 531/24000 [01:14<1:04:24,  6.07it/s]
  2%|▏         | 532/24000 [01:15<1:02:35,  6.25it/s]
  2%|▏         | 533/24000 [01:15<59:03,  6.62it/s]  
  2%|▏         | 534/24000 [01:15<54:17,  7.20it/s]
  2%|▏         | 535/24000 [01:15<52:27,  7.46it/s]
  2%|▏         | 536/24000 [01:15<48:42,  8.03it/s]
  2%|▏         | 537/24000 [01:15<50:45,  7.71it/s]
  2%|▏         | 538/24000 [01:15<49:01,  7.98it/s]
  2%|▏         | 539/24000 [01:15<47:01,  8.32it/s]
  2%|▏         | 540/24000 [01:16<46:30,  8.41it/s]
  2%|▏         | 541/24000 [01:16<46:41,  8.37it/s]
  2%|▏         | 542/24000 [01:16<45:14,  8.64it/s]
  2%|▏         | 543/24000 [01:16<44:30,  8.78it/s]
  2%|▏         | 544/24000 [01:16<45:53,  8.52it/s]
  2%|▏         | 545/24000 [01:16<45:47,  8.54it/s]
  2%|▏         | 546/24000 [01:16<45:53,  8.52it/s]
  2%|▏         | 547/24000 [01:16<46:12,  8.46it/s]
  2%|▏         | 548/24000 [01:16<44:20,  8.81it/s]
  2%|▏         | 549/24000 [01:17<44:53,  8.71it/s]
  2%|▏         | 550/24000 [01:17<44:16,  8.83it/s]
  2%|▏         | 551/24000 [01:17<45:48,  8.53it/s]
  2%|▏         | 552/24000 [01:17<1:41:04,  3.87it/s]
  2%|▏         | 554/24000 [01:18<1:11:50,  5.44it/s]
  2%|▏         | 555/24000 [01:18<1:04:56,  6.02it/s]
  2%|▏         | 556/24000 [01:18<1:00:25,  6.47it/s]
  2%|▏         | 557/24000 [01:18<58:00,  6.74it/s]  
  2%|▏         | 558/24000 [01:18<54:39,  7.15it/s]
  2%|▏         | 559/24000 [01:18<55:58,  6.98it/s]
  2%|▏         | 560/24000 [01:18<53:03,  7.36it/s]
  2%|▏         | 561/24000 [01:18<51:48,  7.54it/s]
  2%|▏         | 562/24000 [01:19<51:15,  7.62it/s]
  2%|▏         | 563/24000 [01:19<48:30,  8.05it/s]
  2%|▏         | 564/24000 [01:19<48:03,  8.13it/s]
  2%|▏         | 565/24000 [01:19<46:18,  8.43it/s]
  2%|▏         | 566/24000 [01:19<46:51,  8.33it/s]
  2%|▏         | 567/24000 [01:19<48:18,  8.08it/s]
  2%|▏         | 568/24000 [01:19<47:28,  8.23it/s]
  2%|▏         | 569/24000 [01:19<50:03,  7.80it/s]
  2%|▏         | 570/24000 [01:20<48:40,  8.02it/s]
  2%|▏         | 571/24000 [01:20<46:24,  8.42it/s]
  2%|▏         | 572/24000 [01:20<45:24,  8.60it/s]
  2%|▏         | 573/24000 [01:20<45:57,  8.49it/s]
  2%|▏         | 574/24000 [01:20<47:44,  8.18it/s]
  2%|▏         | 575/24000 [01:20<47:26,  8.23it/s]
  2%|▏         | 576/24000 [01:21<1:40:09,  3.90it/s]
  2%|▏         | 578/24000 [01:21<1:12:14,  5.40it/s]
  2%|▏         | 579/24000 [01:21<1:05:54,  5.92it/s]
  2%|▏         | 580/24000 [01:21<59:53,  6.52it/s]  
  2%|▏         | 581/24000 [01:21<55:11,  7.07it/s]
  2%|▏         | 582/24000 [01:21<51:44,  7.54it/s]
  2%|▏         | 583/24000 [01:21<48:15,  8.09it/s]
  2%|▏         | 584/24000 [01:22<47:50,  8.16it/s]
  2%|▏         | 585/24000 [01:22<46:58,  8.31it/s]
  2%|▏         | 586/24000 [01:22<45:44,  8.53it/s]
  2%|▏         | 588/24000 [01:22<45:44,  8.53it/s]
  2%|▏         | 589/24000 [01:22<46:00,  8.48it/s]
  2%|▏         | 590/24000 [01:22<45:32,  8.57it/s]
  2%|▏         | 591/24000 [01:22<44:55,  8.69it/s]
  2%|▏         | 592/24000 [01:23<46:31,  8.38it/s]
  2%|▏         | 593/24000 [01:23<49:56,  7.81it/s]
  2%|▏         | 594/24000 [01:23<48:44,  8.00it/s]
  2%|▏         | 595/24000 [01:23<46:58,  8.31it/s]
  2%|▏         | 596/24000 [01:23<46:20,  8.42it/s]
  2%|▏         | 597/24000 [01:23<46:18,  8.42it/s]
  2%|▏         | 598/24000 [01:23<48:41,  8.01it/s]
  2%|▏         | 599/24000 [01:23<47:02,  8.29it/s]
  2%|▎         | 600/24000 [01:24<1:43:57,  3.75it/s]
  3%|▎         | 602/24000 [01:24<1:13:05,  5.34it/s]
  3%|▎         | 603/24000 [01:24<1:05:45,  5.93it/s]
  3%|▎         | 604/24000 [01:24<59:48,  6.52it/s]  
  3%|▎         | 605/24000 [01:25<57:46,  6.75it/s]
  3%|▎         | 606/24000 [01:25<55:05,  7.08it/s]
  3%|▎         | 607/24000 [01:25<54:04,  7.21it/s]
  3%|▎         | 608/24000 [01:25<50:08,  7.77it/s]
  3%|▎         | 609/24000 [01:25<48:40,  8.01it/s]
  3%|▎         | 610/24000 [01:25<47:15,  8.25it/s]
  3%|▎         | 611/24000 [01:25<45:22,  8.59it/s]
  3%|▎         | 612/24000 [01:25<45:02,  8.65it/s]
  3%|▎         | 613/24000 [01:25<45:47,  8.51it/s]
  3%|▎         | 614/24000 [01:26<46:14,  8.43it/s]
  3%|▎         | 615/24000 [01:26<44:56,  8.67it/s]
  3%|▎         | 616/24000 [01:26<45:33,  8.56it/s]
  3%|▎         | 617/24000 [01:26<44:07,  8.83it/s]
  3%|▎         | 618/24000 [01:26<43:46,  8.90it/s]
  3%|▎         | 619/24000 [01:26<44:56,  8.67it/s]
  3%|▎         | 620/24000 [01:26<45:45,  8.52it/s]
  3%|▎         | 621/24000 [01:26<49:18,  7.90it/s]
  3%|▎         | 622/24000 [01:27<49:30,  7.87it/s]
  3%|▎         | 623/24000 [01:27<47:42,  8.17it/s]
  3%|▎         | 624/24000 [01:27<1:42:53,  3.79it/s]
  3%|▎         | 626/24000 [01:27<1:13:38,  5.29it/s]
  3%|▎         | 627/24000 [01:28<1:07:29,  5.77it/s]
  3%|▎         | 628/24000 [01:28<1:01:46,  6.31it/s]
  3%|▎         | 629/24000 [01:28<57:04,  6.83it/s]  
  3%|▎         | 630/24000 [01:28<55:16,  7.05it/s]
  3%|▎         | 631/24000 [01:28<52:08,  7.47it/s]
  3%|▎         | 632/24000 [01:28<51:16,  7.60it/s]
  3%|▎         | 633/24000 [01:28<51:09,  7.61it/s]
  3%|▎         | 634/24000 [01:28<50:31,  7.71it/s]
  3%|▎         | 635/24000 [01:29<48:27,  8.04it/s]
  3%|▎         | 636/24000 [01:29<46:12,  8.43it/s]
  3%|▎         | 637/24000 [01:29<44:48,  8.69it/s]
  3%|▎         | 638/24000 [01:29<44:59,  8.65it/s]
  3%|▎         | 639/24000 [01:29<43:59,  8.85it/s]
  3%|▎         | 640/24000 [01:29<45:30,  8.56it/s]
  3%|▎         | 641/24000 [01:29<45:13,  8.61it/s]
  3%|▎         | 642/24000 [01:29<45:55,  8.48it/s]
  3%|▎         | 643/24000 [01:29<47:06,  8.26it/s]
  3%|▎         | 644/24000 [01:30<47:42,  8.16it/s]
  3%|▎         | 645/24000 [01:30<46:14,  8.42it/s]
  3%|▎         | 646/24000 [01:30<47:58,  8.11it/s]
  3%|▎         | 647/24000 [01:30<47:05,  8.26it/s]
  3%|▎         | 648/24000 [01:31<1:49:40,  3.55it/s]
  3%|▎         | 650/24000 [01:31<1:15:14,  5.17it/s]
  3%|▎         | 651/24000 [01:31<1:07:07,  5.80it/s]
  3%|▎         | 652/24000 [01:31<1:01:54,  6.29it/s]
  3%|▎         | 653/24000 [01:31<59:52,  6.50it/s]  
  3%|▎         | 654/24000 [01:31<55:21,  7.03it/s]
  3%|▎         | 655/24000 [01:31<55:15,  7.04it/s]
  3%|▎         | 656/24000 [01:32<53:22,  7.29it/s]
  3%|▎         | 657/24000 [01:32<51:14,  7.59it/s]
  3%|▎         | 658/24000 [01:32<49:50,  7.81it/s]
  3%|▎         | 659/24000 [01:32<50:07,  7.76it/s]
  3%|▎         | 660/24000 [01:32<48:57,  7.95it/s]
  3%|▎         | 661/24000 [01:32<49:53,  7.80it/s]
  3%|▎         | 662/24000 [01:32<48:29,  8.02it/s]
  3%|▎         | 663/24000 [01:32<48:11,  8.07it/s]
  3%|▎         | 664/24000 [01:33<50:02,  7.77it/s]
  3%|▎         | 665/24000 [01:33<50:49,  7.65it/s]
  3%|▎         | 666/24000 [01:33<50:02,  7.77it/s]
  3%|▎         | 667/24000 [01:33<48:46,  7.97it/s]
  3%|▎         | 668/24000 [01:33<47:47,  8.14it/s]
  3%|▎         | 669/24000 [01:33<46:09,  8.42it/s]
  3%|▎         | 670/24000 [01:33<48:41,  7.99it/s]
  3%|▎         | 671/24000 [01:33<49:22,  7.88it/s]
  3%|▎         | 672/24000 [01:34<1:47:58,  3.60it/s]
  3%|▎         | 674/24000 [01:34<1:16:05,  5.11it/s]
  3%|▎         | 675/24000 [01:34<1:08:53,  5.64it/s]
  3%|▎         | 676/24000 [01:35<1:04:47,  6.00it/s]
  3%|▎         | 677/24000 [01:35<1:02:57,  6.17it/s]
  3%|▎         | 678/24000 [01:35<59:40,  6.51it/s]  
  3%|▎         | 679/24000 [01:35<55:54,  6.95it/s]
  3%|▎         | 680/24000 [01:35<52:51,  7.35it/s]
  3%|▎         | 681/24000 [01:35<52:11,  7.45it/s]
  3%|▎         | 682/24000 [01:35<51:46,  7.51it/s]
  3%|▎         | 683/24000 [01:35<53:00,  7.33it/s]
  3%|▎         | 684/24000 [01:36<51:45,  7.51it/s]
  3%|▎         | 685/24000 [01:36<50:00,  7.77it/s]
  3%|▎         | 686/24000 [01:36<48:35,  8.00it/s]
  3%|▎         | 687/24000 [01:36<46:58,  8.27it/s]
  3%|▎         | 688/24000 [01:36<46:23,  8.38it/s]
  3%|▎         | 689/24000 [01:36<46:46,  8.31it/s]
  3%|▎         | 690/24000 [01:36<46:47,  8.30it/s]
  3%|▎         | 691/24000 [01:36<46:53,  8.29it/s]
  3%|▎         | 692/24000 [01:37<47:51,  8.12it/s]
  3%|▎         | 693/24000 [01:37<48:04,  8.08it/s]
  3%|▎         | 694/24000 [01:37<47:31,  8.17it/s]
  3%|▎         | 695/24000 [01:37<47:35,  8.16it/s]
  3%|▎         | 696/24000 [01:37<1:41:53,  3.81it/s]
  3%|▎         | 698/24000 [01:38<1:11:57,  5.40it/s]
  3%|▎         | 699/24000 [01:38<1:06:08,  5.87it/s]
  3%|▎         | 700/24000 [01:38<1:02:02,  6.26it/s]
  3%|▎         | 701/24000 [01:38<59:55,  6.48it/s]  
  3%|▎         | 702/24000 [01:38<57:36,  6.74it/s]
  3%|▎         | 703/24000 [01:38<55:20,  7.02it/s]
  3%|▎         | 704/24000 [01:38<53:08,  7.31it/s]
  3%|▎         | 705/24000 [01:39<51:11,  7.58it/s]
  3%|▎         | 706/24000 [01:39<49:43,  7.81it/s]
  3%|▎         | 707/24000 [01:39<48:46,  7.96it/s]
  3%|▎         | 708/24000 [01:39<50:29,  7.69it/s]
  3%|▎         | 709/24000 [01:39<48:45,  7.96it/s]
  3%|▎         | 710/24000 [01:39<50:09,  7.74it/s]
  3%|▎         | 711/24000 [01:39<48:58,  7.93it/s]
  3%|▎         | 712/24000 [01:39<48:19,  8.03it/s]
  3%|▎         | 713/24000 [01:40<47:42,  8.13it/s]
  3%|▎         | 714/24000 [01:40<48:20,  8.03it/s]
  3%|▎         | 715/24000 [01:40<46:17,  8.38it/s]
  3%|▎         | 716/24000 [01:40<46:05,  8.42it/s]
  3%|▎         | 717/24000 [01:40<46:25,  8.36it/s]
  3%|▎         | 718/24000 [01:40<47:28,  8.17it/s]
  3%|▎         | 719/24000 [01:40<46:52,  8.28it/s]
  3%|▎         | 720/24000 [01:41<1:43:16,  3.76it/s]
  3%|▎         | 722/24000 [01:41<1:11:52,  5.40it/s]
  3%|▎         | 723/24000 [01:41<1:05:15,  5.95it/s]
  3%|▎         | 724/24000 [01:41<1:00:47,  6.38it/s]
  3%|▎         | 725/24000 [01:41<56:36,  6.85it/s]  
  3%|▎         | 726/24000 [01:42<52:39,  7.37it/s]
  3%|▎         | 727/24000 [01:42<51:09,  7.58it/s]
  3%|▎         | 728/24000 [01:42<48:08,  8.06it/s]
  3%|▎         | 729/24000 [01:42<47:10,  8.22it/s]
  3%|▎         | 730/24000 [01:42<45:56,  8.44it/s]
  3%|▎         | 731/24000 [01:42<45:05,  8.60it/s]
  3%|▎         | 732/24000 [01:42<43:44,  8.87it/s]
  3%|▎         | 733/24000 [01:42<43:22,  8.94it/s]
  3%|▎         | 734/24000 [01:42<43:39,  8.88it/s]
  3%|▎         | 735/24000 [01:43<45:28,  8.53it/s]
  3%|▎         | 736/24000 [01:43<49:46,  7.79it/s]
  3%|▎         | 737/24000 [01:43<49:05,  7.90it/s]
  3%|▎         | 738/24000 [01:43<48:19,  8.02it/s]
  3%|▎         | 739/24000 [01:43<47:33,  8.15it/s]
  3%|▎         | 740/24000 [01:43<46:34,  8.32it/s]
  3%|▎         | 741/24000 [01:43<47:24,  8.18it/s]
  3%|▎         | 742/24000 [01:43<46:14,  8.38it/s]
  3%|▎         | 743/24000 [01:44<48:07,  8.05it/s]
  3%|▎         | 744/24000 [01:44<2:00:48,  3.21it/s]
  3%|▎         | 746/24000 [01:45<1:24:19,  4.60it/s]
  3%|▎         | 747/24000 [01:45<1:14:13,  5.22it/s]
  3%|▎         | 748/24000 [01:45<1:06:18,  5.84it/s]
  3%|▎         | 749/24000 [01:45<1:00:40,  6.39it/s]
  3%|▎         | 750/24000 [01:45<57:02,  6.79it/s]  
  3%|▎         | 751/24000 [01:45<52:44,  7.35it/s]
  3%|▎         | 752/24000 [01:45<49:50,  7.77it/s]
  3%|▎         | 753/24000 [01:45<47:48,  8.10it/s]
  3%|▎         | 754/24000 [01:45<48:14,  8.03it/s]
  3%|▎         | 755/24000 [01:46<46:01,  8.42it/s]
  3%|▎         | 756/24000 [01:46<45:33,  8.50it/s]
  3%|▎         | 757/24000 [01:46<45:03,  8.60it/s]
  3%|▎         | 758/24000 [01:46<47:18,  8.19it/s]
  3%|▎         | 759/24000 [01:46<48:22,  8.01it/s]
  3%|▎         | 760/24000 [01:46<46:43,  8.29it/s]
  3%|▎         | 761/24000 [01:46<46:07,  8.40it/s]
  3%|▎         | 762/24000 [01:46<46:55,  8.25it/s]
  3%|▎         | 763/24000 [01:46<45:45,  8.46it/s]
  3%|▎         | 764/24000 [01:47<44:57,  8.61it/s]
  3%|▎         | 765/24000 [01:47<46:57,  8.25it/s]
  3%|▎         | 766/24000 [01:47<46:47,  8.27it/s]
  3%|▎         | 767/24000 [01:47<46:38,  8.30it/s]
  3%|▎         | 768/24000 [01:48<1:39:08,  3.91it/s]
  3%|▎         | 770/24000 [01:48<1:10:36,  5.48it/s]
  3%|▎         | 771/24000 [01:48<1:04:48,  5.97it/s]
  3%|▎         | 772/24000 [01:48<1:00:09,  6.44it/s]
  3%|▎         | 773/24000 [01:48<54:41,  7.08it/s]  
  3%|▎         | 774/24000 [01:48<50:23,  7.68it/s]
  3%|▎         | 775/24000 [01:48<48:40,  7.95it/s]
  3%|▎         | 776/24000 [01:48<47:06,  8.22it/s]
  3%|▎         | 777/24000 [01:49<48:31,  7.98it/s]
  3%|▎         | 778/24000 [01:49<48:20,  8.01it/s]
  3%|▎         | 779/24000 [01:49<48:10,  8.03it/s]
  3%|▎         | 780/24000 [01:49<45:51,  8.44it/s]
  3%|▎         | 782/24000 [01:49<42:27,  9.11it/s]
  3%|▎         | 783/24000 [01:49<42:37,  9.08it/s]
  3%|▎         | 784/24000 [01:49<43:39,  8.86it/s]
  3%|▎         | 785/24000 [01:49<43:08,  8.97it/s]
  3%|▎         | 786/24000 [01:50<42:36,  9.08it/s]
  3%|▎         | 787/24000 [01:50<42:52,  9.02it/s]
  3%|▎         | 788/24000 [01:50<44:59,  8.60it/s]
  3%|▎         | 789/24000 [01:50<45:08,  8.57it/s]
  3%|▎         | 790/24000 [01:50<45:18,  8.54it/s]
  3%|▎         | 791/24000 [01:50<44:45,  8.64it/s]
  3%|▎         | 792/24000 [01:51<1:37:03,  3.99it/s]
  3%|▎         | 794/24000 [01:51<1:06:47,  5.79it/s]
  3%|▎         | 795/24000 [01:51<1:01:26,  6.29it/s]
  3%|▎         | 796/24000 [01:51<58:11,  6.65it/s]  
  3%|▎         | 798/24000 [01:51<51:28,  7.51it/s]
  3%|▎         | 799/24000 [01:51<52:32,  7.36it/s]
  3%|▎         | 800/24000 [01:52<51:13,  7.55it/s]
  3%|▎         | 801/24000 [01:52<49:20,  7.84it/s]
  3%|▎         | 802/24000 [01:52<47:50,  8.08it/s]
  3%|▎         | 803/24000 [01:52<46:39,  8.29it/s]
  3%|▎         | 804/24000 [01:52<46:31,  8.31it/s]
  3%|▎         | 806/24000 [01:52<41:33,  9.30it/s]
  3%|▎         | 807/24000 [01:52<41:57,  9.21it/s]
  3%|▎         | 808/24000 [01:52<43:11,  8.95it/s]
  3%|▎         | 809/24000 [01:53<45:29,  8.50it/s]
  3%|▎         | 810/24000 [01:53<46:09,  8.37it/s]
  3%|▎         | 811/24000 [01:53<46:20,  8.34it/s]
  3%|▎         | 812/24000 [01:53<45:28,  8.50it/s]
  3%|▎         | 813/24000 [01:53<45:27,  8.50it/s]
  3%|▎         | 814/24000 [01:53<43:32,  8.87it/s]
  3%|▎         | 815/24000 [01:53<42:28,  9.10it/s]
  3%|▎         | 816/24000 [01:54<1:38:11,  3.94it/s]
  3%|▎         | 818/24000 [01:54<1:11:05,  5.43it/s]
  3%|▎         | 819/24000 [01:54<1:04:56,  5.95it/s]
  3%|▎         | 820/24000 [01:54<1:00:33,  6.38it/s]
  3%|▎         | 821/24000 [01:54<57:12,  6.75it/s]  
  3%|▎         | 822/24000 [01:55<55:17,  6.99it/s]
  3%|▎         | 823/24000 [01:55<52:09,  7.41it/s]
  3%|▎         | 824/24000 [01:55<49:22,  7.82it/s]
  3%|▎         | 825/24000 [01:55<48:40,  7.94it/s]
  3%|▎         | 826/24000 [01:55<47:43,  8.09it/s]
  3%|▎         | 827/24000 [01:55<49:30,  7.80it/s]
  3%|▎         | 828/24000 [01:55<50:44,  7.61it/s]
  3%|▎         | 829/24000 [01:55<48:39,  7.94it/s]
  3%|▎         | 830/24000 [01:56<47:37,  8.11it/s]
  3%|▎         | 831/24000 [01:56<46:55,  8.23it/s]
  3%|▎         | 832/24000 [01:56<49:13,  7.84it/s]
  3%|▎         | 833/24000 [01:56<49:37,  7.78it/s]
  3%|▎         | 834/24000 [01:56<48:50,  7.91it/s]
  3%|▎         | 835/24000 [01:56<47:09,  8.19it/s]
  3%|▎         | 836/24000 [01:56<47:39,  8.10it/s]
  3%|▎         | 837/24000 [01:56<46:42,  8.26it/s]
  3%|▎         | 838/24000 [01:57<46:50,  8.24it/s]
  3%|▎         | 839/24000 [01:57<47:25,  8.14it/s]
  4%|▎         | 840/24000 [01:57<1:37:17,  3.97it/s]
  4%|▎         | 842/24000 [01:57<1:10:49,  5.45it/s]
  4%|▎         | 843/24000 [01:58<1:04:29,  5.98it/s]
  4%|▎         | 844/24000 [01:58<58:41,  6.58it/s]  
  4%|▎         | 845/24000 [01:58<54:29,  7.08it/s]
  4%|▎         | 846/24000 [01:58<51:16,  7.53it/s]
  4%|▎         | 847/24000 [01:58<49:14,  7.84it/s]
  4%|▎         | 848/24000 [01:58<52:48,  7.31it/s]
  4%|▎         | 849/24000 [01:58<49:59,  7.72it/s]
  4%|▎         | 850/24000 [01:58<49:44,  7.76it/s]
  4%|▎         | 851/24000 [01:59<50:38,  7.62it/s]
  4%|▎         | 852/24000 [01:59<52:24,  7.36it/s]
  4%|▎         | 853/24000 [01:59<56:15,  6.86it/s]
  4%|▎         | 854/24000 [01:59<52:33,  7.34it/s]
  4%|▎         | 855/24000 [01:59<50:37,  7.62it/s]
  4%|▎         | 856/24000 [01:59<50:43,  7.61it/s]
  4%|▎         | 857/24000 [01:59<53:31,  7.21it/s]
  4%|▎         | 858/24000 [01:59<49:49,  7.74it/s]
  4%|▎         | 859/24000 [02:00<51:27,  7.49it/s]
  4%|▎         | 860/24000 [02:00<51:12,  7.53it/s]
  4%|▎         | 861/24000 [02:00<48:54,  7.88it/s]
  4%|▎         | 862/24000 [02:00<48:56,  7.88it/s]
  4%|▎         | 863/24000 [02:00<50:45,  7.60it/s]
  4%|▎         | 864/24000 [02:01<2:09:46,  2.97it/s]
  4%|▎         | 866/24000 [02:01<1:31:07,  4.23it/s]
  4%|▎         | 867/24000 [02:01<1:25:24,  4.51it/s]
  4%|▎         | 868/24000 [02:02<1:18:30,  4.91it/s]
  4%|▎         | 869/24000 [02:02<1:11:30,  5.39it/s]
  4%|▎         | 870/24000 [02:02<1:07:08,  5.74it/s]
  4%|▎         | 871/24000 [02:02<1:05:39,  5.87it/s]
  4%|▎         | 872/24000 [02:02<1:07:54,  5.68it/s]
  4%|▎         | 873/24000 [02:02<1:03:55,  6.03it/s]
  4%|▎         | 874/24000 [02:02<1:02:52,  6.13it/s]
  4%|▎         | 875/24000 [02:03<1:03:09,  6.10it/s]
  4%|▎         | 876/24000 [02:03<1:05:55,  5.85it/s]
  4%|▎         | 877/24000 [02:03<1:07:43,  5.69it/s]
  4%|▎         | 878/24000 [02:03<1:03:22,  6.08it/s]
  4%|▎         | 879/24000 [02:03<1:01:00,  6.32it/s]
  4%|▎         | 880/24000 [02:03<58:23,  6.60it/s]  
  4%|▎         | 881/24000 [02:04<59:05,  6.52it/s]
  4%|▎         | 882/24000 [02:04<1:01:45,  6.24it/s]
  4%|▎         | 883/24000 [02:04<1:02:42,  6.14it/s]
  4%|▎         | 884/24000 [02:04<1:00:12,  6.40it/s]
  4%|▎         | 885/24000 [02:04<58:15,  6.61it/s]  
  4%|▎         | 886/24000 [02:04<58:25,  6.59it/s]
  4%|▎         | 887/24000 [02:05<1:01:54,  6.22it/s]
  4%|▎         | 888/24000 [02:05<2:19:45,  2.76it/s]
  4%|▎         | 890/24000 [02:06<1:34:17,  4.08it/s]
  4%|▎         | 891/24000 [02:06<1:24:04,  4.58it/s]
  4%|▎         | 892/24000 [02:06<1:15:04,  5.13it/s]
  4%|▎         | 893/24000 [02:06<1:07:01,  5.75it/s]
  4%|▎         | 894/24000 [02:06<1:01:40,  6.24it/s]
  4%|▎         | 895/24000 [02:06<1:00:00,  6.42it/s]
  4%|▎         | 896/24000 [02:06<1:00:30,  6.36it/s]
  4%|▎         | 897/24000 [02:07<58:19,  6.60it/s]  
  4%|▎         | 898/24000 [02:07<57:15,  6.72it/s]
  4%|▎         | 899/24000 [02:07<57:18,  6.72it/s]
  4%|▍         | 900/24000 [02:07<58:55,  6.53it/s]
  4%|▍         | 901/24000 [02:07<1:04:09,  6.00it/s]
  4%|▍         | 902/24000 [02:07<1:09:46,  5.52it/s]
  4%|▍         | 903/24000 [02:08<1:06:20,  5.80it/s]
  4%|▍         | 904/24000 [02:08<1:05:29,  5.88it/s]
  4%|▍         | 905/24000 [02:08<1:03:38,  6.05it/s]
  4%|▍         | 906/24000 [02:08<1:09:23,  5.55it/s]
  4%|▍         | 907/24000 [02:08<1:08:26,  5.62it/s]
  4%|▍         | 908/24000 [02:08<1:06:36,  5.78it/s]
  4%|▍         | 909/24000 [02:09<1:05:28,  5.88it/s]
  4%|▍         | 910/24000 [02:09<1:08:48,  5.59it/s]
  4%|▍         | 911/24000 [02:09<1:12:04,  5.34it/s]
  4%|▍         | 912/24000 [02:10<2:42:09,  2.37it/s]
  4%|▍         | 914/24000 [02:10<1:46:10,  3.62it/s]
  4%|▍         | 915/24000 [02:10<1:35:28,  4.03it/s]
  4%|▍         | 916/24000 [02:10<1:25:03,  4.52it/s]
  4%|▍         | 917/24000 [02:11<1:16:21,  5.04it/s]
  4%|▍         | 918/24000 [02:11<1:12:40,  5.29it/s]
  4%|▍         | 919/24000 [02:11<1:05:32,  5.87it/s]
  4%|▍         | 920/24000 [02:11<1:06:55,  5.75it/s]
  4%|▍         | 921/24000 [02:11<1:04:19,  5.98it/s]
  4%|▍         | 922/24000 [02:11<1:00:52,  6.32it/s]
  4%|▍         | 923/24000 [02:12<58:05,  6.62it/s]  
  4%|▍         | 924/24000 [02:12<56:02,  6.86it/s]
  4%|▍         | 925/24000 [02:12<57:54,  6.64it/s]
  4%|▍         | 926/24000 [02:12<55:12,  6.96it/s]
  4%|▍         | 927/24000 [02:12<59:47,  6.43it/s]
  4%|▍         | 928/24000 [02:12<56:36,  6.79it/s]
  4%|▍         | 929/24000 [02:12<56:00,  6.87it/s]
  4%|▍         | 930/24000 [02:13<52:57,  7.26it/s]
  4%|▍         | 931/24000 [02:13<51:10,  7.51it/s]
  4%|▍         | 932/24000 [02:13<50:07,  7.67it/s]
  4%|▍         | 933/24000 [02:13<48:54,  7.86it/s]
  4%|▍         | 934/24000 [02:13<54:18,  7.08it/s]
  4%|▍         | 935/24000 [02:13<52:26,  7.33it/s]
  4%|▍         | 936/24000 [02:14<1:52:50,  3.41it/s]
  4%|▍         | 938/24000 [02:14<1:20:11,  4.79it/s]
  4%|▍         | 939/24000 [02:14<1:13:25,  5.23it/s]
  4%|▍         | 940/24000 [02:14<1:07:28,  5.70it/s]
  4%|▍         | 941/24000 [02:14<1:02:35,  6.14it/s]
  4%|▍         | 942/24000 [02:15<56:42,  6.78it/s]  
  4%|▍         | 943/24000 [02:15<52:42,  7.29it/s]
  4%|▍         | 944/24000 [02:15<50:54,  7.55it/s]
  4%|▍         | 945/24000 [02:15<48:52,  7.86it/s]
  4%|▍         | 946/24000 [02:15<47:12,  8.14it/s]
  4%|▍         | 947/24000 [02:15<49:35,  7.75it/s]
  4%|▍         | 948/24000 [02:15<50:08,  7.66it/s]
  4%|▍         | 949/24000 [02:15<51:36,  7.44it/s]
  4%|▍         | 950/24000 [02:16<49:12,  7.81it/s]
  4%|▍         | 951/24000 [02:16<49:17,  7.79it/s]
  4%|▍         | 952/24000 [02:16<46:48,  8.21it/s]
  4%|▍         | 953/24000 [02:16<46:05,  8.33it/s]
  4%|▍         | 954/24000 [02:16<46:02,  8.34it/s]
  4%|▍         | 955/24000 [02:16<43:46,  8.77it/s]
  4%|▍         | 956/24000 [02:16<44:48,  8.57it/s]
  4%|▍         | 957/24000 [02:16<46:27,  8.27it/s]
  4%|▍         | 958/24000 [02:17<47:05,  8.15it/s]
  4%|▍         | 959/24000 [02:17<50:02,  7.67it/s]
  4%|▍         | 960/24000 [02:17<1:39:40,  3.85it/s]
  4%|▍         | 962/24000 [02:17<1:10:24,  5.45it/s]
  4%|▍         | 963/24000 [02:18<1:06:33,  5.77it/s]
  4%|▍         | 964/24000 [02:18<1:02:53,  6.10it/s]
  4%|▍         | 965/24000 [02:18<58:38,  6.55it/s]  
  4%|▍         | 966/24000 [02:18<53:20,  7.20it/s]
  4%|▍         | 967/24000 [02:18<52:51,  7.26it/s]
  4%|▍         | 968/24000 [02:18<50:57,  7.53it/s]
  4%|▍         | 969/24000 [02:18<48:53,  7.85it/s]
  4%|▍         | 970/24000 [02:18<47:41,  8.05it/s]
  4%|▍         | 971/24000 [02:19<46:20,  8.28it/s]
  4%|▍         | 972/24000 [02:19<46:35,  8.24it/s]
  4%|▍         | 973/24000 [02:19<46:40,  8.22it/s]
  4%|▍         | 974/24000 [02:19<46:52,  8.19it/s]
  4%|▍         | 975/24000 [02:19<46:16,  8.29it/s]
  4%|▍         | 976/24000 [02:19<47:28,  8.08it/s]
  4%|▍         | 977/24000 [02:19<50:29,  7.60it/s]
  4%|▍         | 978/24000 [02:19<50:58,  7.53it/s]
  4%|▍         | 979/24000 [02:20<52:59,  7.24it/s]
  4%|▍         | 980/24000 [02:20<52:20,  7.33it/s]
  4%|▍         | 981/24000 [02:20<54:06,  7.09it/s]
  4%|▍         | 982/24000 [02:20<50:38,  7.58it/s]
  4%|▍         | 983/24000 [02:20<52:26,  7.31it/s]
  4%|▍         | 984/24000 [02:21<1:42:22,  3.75it/s]
  4%|▍         | 986/24000 [02:21<1:14:30,  5.15it/s]
  4%|▍         | 987/24000 [02:21<1:08:58,  5.56it/s]
  4%|▍         | 988/24000 [02:21<1:03:06,  6.08it/s]
  4%|▍         | 989/24000 [02:21<58:00,  6.61it/s]  
  4%|▍         | 990/24000 [02:21<55:11,  6.95it/s]
  4%|▍         | 991/24000 [02:21<51:47,  7.40it/s]
  4%|▍         | 992/24000 [02:22<51:16,  7.48it/s]
  4%|▍         | 993/24000 [02:22<50:43,  7.56it/s]
  4%|▍         | 994/24000 [02:22<50:01,  7.66it/s]
  4%|▍         | 995/24000 [02:22<50:57,  7.52it/s]
  4%|▍         | 996/24000 [02:22<53:26,  7.17it/s]
  4%|▍         | 997/24000 [02:22<50:04,  7.66it/s]
  4%|▍         | 998/24000 [02:22<55:23,  6.92it/s]
  4%|▍         | 999/24000 [02:23<54:31,  7.03it/s]
  4%|▍         | 1000/24000 [02:23<1:04:58,  5.90it/s]
  4%|▍         | 1001/24000 [02:23<1:00:43,  6.31it/s]
  4%|▍         | 1002/24000 [02:23<1:24:17,  4.55it/s]
  4%|▍         | 1003/24000 [02:24<2:27:54,  2.59it/s]
  4%|▍         | 1004/24000 [02:25<2:35:30,  2.46it/s]
  4%|▍         | 1005/24000 [02:25<2:27:00,  2.61it/s]
  4%|▍         | 1006/24000 [02:25<2:09:36,  2.96it/s]
  4%|▍         | 1008/24000 [02:26<2:13:27,  2.87it/s]
  4%|▍         | 1010/24000 [02:26<1:34:00,  4.08it/s]
  4%|▍         | 1012/24000 [02:26<1:14:37,  5.13it/s]
  4%|▍         | 1014/24000 [02:26<1:03:09,  6.07it/s]
  4%|▍         | 1015/24000 [02:27<1:01:09,  6.26it/s]
  4%|▍         | 1016/24000 [02:27<59:25,  6.45it/s]  
  4%|▍         | 1017/24000 [02:27<56:01,  6.84it/s]
  4%|▍         | 1019/24000 [02:27<47:40,  8.03it/s]
  4%|▍         | 1020/24000 [02:27<49:33,  7.73it/s]
  4%|▍         | 1021/24000 [02:27<47:10,  8.12it/s]
  4%|▍         | 1022/24000 [02:27<45:40,  8.39it/s]
  4%|▍         | 1023/24000 [02:27<44:48,  8.54it/s]
  4%|▍         | 1024/24000 [02:28<47:37,  8.04it/s]
  4%|▍         | 1025/24000 [02:28<46:03,  8.31it/s]
  4%|▍         | 1026/24000 [02:28<45:45,  8.37it/s]
  4%|▍         | 1027/24000 [02:28<46:43,  8.19it/s]
  4%|▍         | 1028/24000 [02:28<46:43,  8.20it/s]
  4%|▍         | 1029/24000 [02:28<48:17,  7.93it/s]
  4%|▍         | 1030/24000 [02:28<49:57,  7.66it/s]
  4%|▍         | 1031/24000 [02:29<50:56,  7.51it/s]
  4%|▍         | 1032/24000 [02:29<1:52:07,  3.41it/s]
  4%|▍         | 1034/24000 [02:29<1:15:46,  5.05it/s]
  4%|▍         | 1035/24000 [02:29<1:07:39,  5.66it/s]
  4%|▍         | 1036/24000 [02:30<1:03:00,  6.07it/s]
  4%|▍         | 1037/24000 [02:30<59:48,  6.40it/s]  
  4%|▍         | 1038/24000 [02:30<55:28,  6.90it/s]
  4%|▍         | 1039/24000 [02:30<51:55,  7.37it/s]
  4%|▍         | 1040/24000 [02:30<51:15,  7.47it/s]
  4%|▍         | 1042/24000 [02:30<45:48,  8.35it/s]
  4%|▍         | 1043/24000 [02:30<47:48,  8.00it/s]
  4%|▍         | 1044/24000 [02:31<47:36,  8.04it/s]
  4%|▍         | 1045/24000 [02:31<47:04,  8.13it/s]
  4%|▍         | 1046/24000 [02:31<46:08,  8.29it/s]
  4%|▍         | 1047/24000 [02:31<48:02,  7.96it/s]
  4%|▍         | 1048/24000 [02:31<53:38,  7.13it/s]
  4%|▍         | 1049/24000 [02:31<1:01:57,  6.17it/s]
  4%|▍         | 1050/24000 [02:32<1:07:39,  5.65it/s]
  4%|▍         | 1051/24000 [02:32<1:11:38,  5.34it/s]
  4%|▍         | 1052/24000 [02:32<1:12:48,  5.25it/s]
  4%|▍         | 1053/24000 [02:32<1:12:17,  5.29it/s]
  4%|▍         | 1054/24000 [02:32<1:07:09,  5.69it/s]
  4%|▍         | 1055/24000 [02:32<1:01:18,  6.24it/s]
  4%|▍         | 1056/24000 [02:33<1:52:46,  3.39it/s]
  4%|▍         | 1058/24000 [02:33<1:19:00,  4.84it/s]
  4%|▍         | 1059/24000 [02:33<1:11:49,  5.32it/s]
  4%|▍         | 1060/24000 [02:33<1:04:27,  5.93it/s]
  4%|▍         | 1061/24000 [02:34<1:01:39,  6.20it/s]
  4%|▍         | 1062/24000 [02:34<1:01:47,  6.19it/s]
  4%|▍         | 1063/24000 [02:34<1:01:32,  6.21it/s]
  4%|▍         | 1064/24000 [02:34<59:15,  6.45it/s]  
  4%|▍         | 1065/24000 [02:34<1:00:07,  6.36it/s]
  4%|▍         | 1066/24000 [02:34<59:47,  6.39it/s]  
  4%|▍         | 1067/24000 [02:35<55:05,  6.94it/s]
  4%|▍         | 1068/24000 [02:35<52:23,  7.30it/s]
  4%|▍         | 1069/24000 [02:35<49:05,  7.79it/s]
  4%|▍         | 1070/24000 [02:35<48:33,  7.87it/s]
  4%|▍         | 1071/24000 [02:35<51:00,  7.49it/s]
  4%|▍         | 1072/24000 [02:35<50:14,  7.61it/s]
  4%|▍         | 1073/24000 [02:35<51:28,  7.42it/s]
  4%|▍         | 1074/24000 [02:35<51:54,  7.36it/s]
  4%|▍         | 1075/24000 [02:36<50:04,  7.63it/s]
  4%|▍         | 1076/24000 [02:36<48:41,  7.85it/s]
  4%|▍         | 1077/24000 [02:36<52:14,  7.31it/s]
  4%|▍         | 1078/24000 [02:36<49:37,  7.70it/s]
  4%|▍         | 1079/24000 [02:36<49:41,  7.69it/s]
  4%|▍         | 1080/24000 [02:37<1:45:32,  3.62it/s]
  5%|▍         | 1082/24000 [02:37<1:14:16,  5.14it/s]
  5%|▍         | 1083/24000 [02:37<1:08:38,  5.56it/s]
  5%|▍         | 1084/24000 [02:37<1:06:17,  5.76it/s]
  5%|▍         | 1085/24000 [02:37<1:02:04,  6.15it/s]
  5%|▍         | 1086/24000 [02:37<56:48,  6.72it/s]  
  5%|▍         | 1087/24000 [02:38<56:14,  6.79it/s]
  5%|▍         | 1088/24000 [02:38<55:38,  6.86it/s]
  5%|▍         | 1089/24000 [02:38<51:48,  7.37it/s]
  5%|▍         | 1090/24000 [02:38<51:02,  7.48it/s]
  5%|▍         | 1091/24000 [02:38<51:31,  7.41it/s]
  5%|▍         | 1092/24000 [02:38<50:10,  7.61it/s]
  5%|▍         | 1093/24000 [02:38<51:17,  7.44it/s]
  5%|▍         | 1094/24000 [02:38<50:11,  7.61it/s]
  5%|▍         | 1095/24000 [02:39<48:06,  7.94it/s]
  5%|▍         | 1096/24000 [02:39<49:11,  7.76it/s]
  5%|▍         | 1097/24000 [02:39<50:27,  7.56it/s]
  5%|▍         | 1098/24000 [02:39<48:27,  7.88it/s]
  5%|▍         | 1099/24000 [02:39<46:31,  8.20it/s]
  5%|▍         | 1100/24000 [02:39<48:00,  7.95it/s]
  5%|▍         | 1101/24000 [02:39<47:36,  8.02it/s]
  5%|▍         | 1102/24000 [02:39<48:47,  7.82it/s]
  5%|▍         | 1103/24000 [02:40<49:14,  7.75it/s]
  5%|▍         | 1104/24000 [02:40<1:41:23,  3.76it/s]
  5%|▍         | 1106/24000 [02:40<1:12:18,  5.28it/s]
  5%|▍         | 1107/24000 [02:41<1:05:46,  5.80it/s]
  5%|▍         | 1108/24000 [02:41<59:56,  6.37it/s]  
  5%|▍         | 1109/24000 [02:41<57:10,  6.67it/s]
  5%|▍         | 1110/24000 [02:41<52:15,  7.30it/s]
  5%|▍         | 1111/24000 [02:41<51:03,  7.47it/s]
  5%|▍         | 1112/24000 [02:41<50:25,  7.56it/s]
  5%|▍         | 1113/24000 [02:41<48:50,  7.81it/s]
  5%|▍         | 1114/24000 [02:41<47:19,  8.06it/s]
  5%|▍         | 1115/24000 [02:41<48:36,  7.85it/s]
  5%|▍         | 1116/24000 [02:42<47:29,  8.03it/s]
  5%|▍         | 1117/24000 [02:42<49:09,  7.76it/s]
  5%|▍         | 1118/24000 [02:42<48:03,  7.94it/s]
  5%|▍         | 1119/24000 [02:42<46:20,  8.23it/s]
  5%|▍         | 1120/24000 [02:42<46:46,  8.15it/s]
  5%|▍         | 1122/24000 [02:42<44:35,  8.55it/s]
  5%|▍         | 1123/24000 [02:42<45:55,  8.30it/s]
  5%|▍         | 1124/24000 [02:43<46:32,  8.19it/s]
  5%|▍         | 1125/24000 [02:43<48:25,  7.87it/s]
  5%|▍         | 1126/24000 [02:43<46:18,  8.23it/s]
  5%|▍         | 1127/24000 [02:43<46:07,  8.26it/s]
  5%|▍         | 1128/24000 [02:44<1:36:30,  3.95it/s]
  5%|▍         | 1130/24000 [02:44<1:12:30,  5.26it/s]
  5%|▍         | 1131/24000 [02:44<1:08:50,  5.54it/s]
  5%|▍         | 1132/24000 [02:44<1:04:35,  5.90it/s]
  5%|▍         | 1133/24000 [02:44<1:06:44,  5.71it/s]
  5%|▍         | 1134/24000 [02:44<1:02:16,  6.12it/s]
  5%|▍         | 1135/24000 [02:45<1:01:15,  6.22it/s]
  5%|▍         | 1136/24000 [02:45<58:10,  6.55it/s]  
  5%|▍         | 1137/24000 [02:45<57:45,  6.60it/s]
  5%|▍         | 1138/24000 [02:45<55:50,  6.82it/s]
  5%|▍         | 1139/24000 [02:45<53:40,  7.10it/s]
  5%|▍         | 1140/24000 [02:45<52:17,  7.29it/s]
  5%|▍         | 1141/24000 [02:45<50:53,  7.49it/s]
  5%|▍         | 1142/24000 [02:45<50:59,  7.47it/s]
  5%|▍         | 1143/24000 [02:46<54:01,  7.05it/s]
  5%|▍         | 1144/24000 [02:46<51:59,  7.33it/s]
  5%|▍         | 1145/24000 [02:46<51:36,  7.38it/s]
  5%|▍         | 1146/24000 [02:46<51:46,  7.36it/s]
  5%|▍         | 1147/24000 [02:46<51:01,  7.46it/s]
  5%|▍         | 1148/24000 [02:46<52:00,  7.32it/s]
  5%|▍         | 1149/24000 [02:46<53:18,  7.15it/s]
  5%|▍         | 1150/24000 [02:47<54:13,  7.02it/s]
  5%|▍         | 1151/24000 [02:47<54:41,  6.96it/s]
  5%|▍         | 1152/24000 [02:47<1:46:18,  3.58it/s]
  5%|▍         | 1154/24000 [02:48<1:16:17,  4.99it/s]
  5%|▍         | 1155/24000 [02:48<1:10:36,  5.39it/s]
  5%|▍         | 1156/24000 [02:48<1:05:36,  5.80it/s]
  5%|▍         | 1157/24000 [02:48<1:02:28,  6.09it/s]
  5%|▍         | 1158/24000 [02:48<59:26,  6.40it/s]  
  5%|▍         | 1159/24000 [02:48<58:47,  6.47it/s]
  5%|▍         | 1160/24000 [02:48<59:57,  6.35it/s]
  5%|▍         | 1161/24000 [02:49<57:22,  6.63it/s]
  5%|▍         | 1162/24000 [02:49<57:12,  6.65it/s]
  5%|▍         | 1163/24000 [02:49<1:00:54,  6.25it/s]
  5%|▍         | 1164/24000 [02:49<59:35,  6.39it/s]  
  5%|▍         | 1165/24000 [02:49<1:01:55,  6.15it/s]
  5%|▍         | 1166/24000 [02:49<59:18,  6.42it/s]  
  5%|▍         | 1167/24000 [02:49<59:09,  6.43it/s]
  5%|▍         | 1168/24000 [02:50<58:16,  6.53it/s]
  5%|▍         | 1169/24000 [02:50<57:28,  6.62it/s]
  5%|▍         | 1170/24000 [02:50<57:50,  6.58it/s]
  5%|▍         | 1171/24000 [02:50<55:53,  6.81it/s]
  5%|▍         | 1172/24000 [02:50<56:50,  6.69it/s]
  5%|▍         | 1173/24000 [02:50<55:38,  6.84it/s]
  5%|▍         | 1174/24000 [02:51<57:49,  6.58it/s]
  5%|▍         | 1175/24000 [02:51<57:31,  6.61it/s]
  5%|▍         | 1176/24000 [02:51<1:43:36,  3.67it/s]
  5%|▍         | 1177/24000 [02:51<1:24:43,  4.49it/s]
  5%|▍         | 1178/24000 [02:51<1:15:31,  5.04it/s]
  5%|▍         | 1179/24000 [02:52<1:09:31,  5.47it/s]
  5%|▍         | 1180/24000 [02:52<1:05:20,  5.82it/s]
  5%|▍         | 1181/24000 [02:52<1:02:10,  6.12it/s]
  5%|▍         | 1182/24000 [02:52<1:02:38,  6.07it/s]
  5%|▍         | 1183/24000 [02:52<1:00:52,  6.25it/s]
  5%|▍         | 1184/24000 [02:52<1:05:37,  5.79it/s]
  5%|▍         | 1185/24000 [02:53<1:03:01,  6.03it/s]
  5%|▍         | 1186/24000 [02:53<1:02:16,  6.11it/s]
  5%|▍         | 1187/24000 [02:53<1:04:01,  5.94it/s]
  5%|▍         | 1188/24000 [02:53<1:03:38,  5.97it/s]
  5%|▍         | 1189/24000 [02:53<1:04:04,  5.93it/s]
  5%|▍         | 1190/24000 [02:53<1:03:31,  5.98it/s]
  5%|▍         | 1191/24000 [02:54<1:00:47,  6.25it/s]
  5%|▍         | 1192/24000 [02:54<56:46,  6.70it/s]  
  5%|▍         | 1193/24000 [02:54<56:29,  6.73it/s]
  5%|▍         | 1194/24000 [02:54<57:07,  6.65it/s]
  5%|▍         | 1195/24000 [02:54<57:32,  6.60it/s]
  5%|▍         | 1196/24000 [02:54<56:56,  6.67it/s]
  5%|▍         | 1197/24000 [02:54<57:11,  6.65it/s]
  5%|▍         | 1198/24000 [02:55<58:06,  6.54it/s]
  5%|▍         | 1199/24000 [02:55<56:25,  6.73it/s]
  5%|▌         | 1200/24000 [02:55<1:51:46,  3.40it/s]
  5%|▌         | 1201/24000 [02:55<1:29:53,  4.23it/s]
  5%|▌         | 1202/24000 [02:56<1:18:38,  4.83it/s]
  5%|▌         | 1203/24000 [02:56<1:11:31,  5.31it/s]
  5%|▌         | 1204/24000 [02:56<1:05:52,  5.77it/s]
  5%|▌         | 1205/24000 [02:56<1:03:51,  5.95it/s]
  5%|▌         | 1206/24000 [02:56<59:29,  6.39it/s]  
  5%|▌         | 1207/24000 [02:56<57:27,  6.61it/s]
  5%|▌         | 1208/24000 [02:56<56:43,  6.70it/s]
  5%|▌         | 1209/24000 [02:57<55:58,  6.79it/s]
  5%|▌         | 1210/24000 [02:57<58:45,  6.46it/s]
  5%|▌         | 1211/24000 [02:57<56:03,  6.78it/s]
  5%|▌         | 1212/24000 [02:57<57:49,  6.57it/s]
  5%|▌         | 1213/24000 [02:57<55:50,  6.80it/s]
  5%|▌         | 1214/24000 [02:57<55:15,  6.87it/s]
  5%|▌         | 1215/24000 [02:57<54:54,  6.92it/s]
  5%|▌         | 1216/24000 [02:58<55:58,  6.78it/s]
  5%|▌         | 1217/24000 [02:58<56:45,  6.69it/s]
  5%|▌         | 1218/24000 [02:58<58:06,  6.53it/s]
  5%|▌         | 1219/24000 [02:58<55:28,  6.84it/s]
  5%|▌         | 1220/24000 [02:58<56:30,  6.72it/s]
  5%|▌         | 1221/24000 [02:58<57:45,  6.57it/s]
  5%|▌         | 1222/24000 [02:59<57:56,  6.55it/s]
  5%|▌         | 1223/24000 [02:59<59:27,  6.38it/s]
  5%|▌         | 1224/24000 [02:59<1:47:20,  3.54it/s]
  5%|▌         | 1225/24000 [02:59<1:26:35,  4.38it/s]
  5%|▌         | 1226/24000 [03:00<1:18:49,  4.82it/s]
  5%|▌         | 1227/24000 [03:00<1:11:59,  5.27it/s]
  5%|▌         | 1228/24000 [03:00<1:07:03,  5.66it/s]
  5%|▌         | 1229/24000 [03:00<1:03:50,  5.94it/s]
  5%|▌         | 1230/24000 [03:00<1:02:00,  6.12it/s]
  5%|▌         | 1231/24000 [03:00<1:00:37,  6.26it/s]
  5%|▌         | 1232/24000 [03:01<1:04:35,  5.87it/s]
  5%|▌         | 1233/24000 [03:01<1:04:45,  5.86it/s]
  5%|▌         | 1234/24000 [03:01<1:03:01,  6.02it/s]
  5%|▌         | 1235/24000 [03:01<1:02:00,  6.12it/s]
  5%|▌         | 1236/24000 [03:01<1:01:31,  6.17it/s]
  5%|▌         | 1237/24000 [03:01<1:01:20,  6.18it/s]
  5%|▌         | 1238/24000 [03:01<1:01:59,  6.12it/s]
  5%|▌         | 1239/24000 [03:02<1:00:41,  6.25it/s]
  5%|▌         | 1240/24000 [03:02<1:00:09,  6.31it/s]
  5%|▌         | 1241/24000 [03:02<58:36,  6.47it/s]  
  5%|▌         | 1242/24000 [03:02<57:47,  6.56it/s]
  5%|▌         | 1243/24000 [03:02<57:33,  6.59it/s]
  5%|▌         | 1244/24000 [03:02<59:17,  6.40it/s]
  5%|▌         | 1245/24000 [03:03<57:01,  6.65it/s]
  5%|▌         | 1246/24000 [03:03<58:58,  6.43it/s]
  5%|▌         | 1247/24000 [03:03<58:02,  6.53it/s]
  5%|▌         | 1248/24000 [03:04<1:57:43,  3.22it/s]
  5%|▌         | 1249/24000 [03:04<1:34:44,  4.00it/s]
  5%|▌         | 1250/24000 [03:04<1:24:26,  4.49it/s]
  5%|▌         | 1251/24000 [03:04<1:17:51,  4.87it/s]
  5%|▌         | 1252/24000 [03:04<1:13:45,  5.14it/s]
  5%|▌         | 1253/24000 [03:04<1:09:53,  5.42it/s]
  5%|▌         | 1254/24000 [03:04<1:05:00,  5.83it/s]
  5%|▌         | 1255/24000 [03:05<1:03:37,  5.96it/s]
  5%|▌         | 1256/24000 [03:05<59:28,  6.37it/s]  
  5%|▌         | 1257/24000 [03:05<57:25,  6.60it/s]
  5%|▌         | 1258/24000 [03:05<56:51,  6.67it/s]
  5%|▌         | 1259/24000 [03:05<56:50,  6.67it/s]
  5%|▌         | 1260/24000 [03:05<56:39,  6.69it/s]
  5%|▌         | 1261/24000 [03:05<53:43,  7.05it/s]
  5%|▌         | 1262/24000 [03:06<53:36,  7.07it/s]
  5%|▌         | 1263/24000 [03:06<53:21,  7.10it/s]
  5%|▌         | 1264/24000 [03:06<52:27,  7.22it/s]
  5%|▌         | 1265/24000 [03:06<53:11,  7.12it/s]
  5%|▌         | 1266/24000 [03:06<54:08,  7.00it/s]
  5%|▌         | 1267/24000 [03:06<55:28,  6.83it/s]
  5%|▌         | 1268/24000 [03:06<59:08,  6.41it/s]
  5%|▌         | 1269/24000 [03:07<57:57,  6.54it/s]
  5%|▌         | 1270/24000 [03:07<56:47,  6.67it/s]
  5%|▌         | 1271/24000 [03:07<56:18,  6.73it/s]
  5%|▌         | 1272/24000 [03:08<1:53:09,  3.35it/s]
  5%|▌         | 1273/24000 [03:08<1:31:39,  4.13it/s]
  5%|▌         | 1274/24000 [03:08<1:22:15,  4.60it/s]
