Motphys profiler initialized: disabled
I0220 18:14:02.503374 47376 train.py:77] DeviceSupports(torch=True, torch_gpu=True, jax=False, jax_gpu=False)
[skrl:WARNING] Using `from skrl.envs.torch import ...` is deprecated and will be removed in future versions.
W0220 18:14:02.652168 47376 torch.py:5] Using `from skrl.envs.torch import ...` is deprecated and will be removed in future versions.
[skrl:WARNING]  - Import loaders using `from skrl.envs.loaders.torch import ...`
W0220 18:14:02.652168 47376 torch.py:6]  - Import loaders using `from skrl.envs.loaders.torch import ...`
[skrl:WARNING]  - Import wrappers using `from skrl.envs.wrappers.torch import ...`
W0220 18:14:02.652168 47376 torch.py:7]  - Import wrappers using `from skrl.envs.wrappers.torch import ...`
[skrl:INFO] Seed: 42
I0220 18:14:02.878174 47376 __init__.py:82] Seed: 42
I0220 18:14:04.611462 47376 ppo.py:379] torch.compile applied to model (mode=reduce-overhead)
[Info] 分阶段导航: 3笑脸 → 3红包 → 高台 → 庆祝

  0%|          | 0/200 [00:00<?, ?it/s]
  0%|          | 1/200 [00:00<03:06,  1.07it/s]
  1%|          | 2/200 [00:01<02:05,  1.57it/s]
  2%|▏         | 3/200 [00:01<01:36,  2.03it/s]
  2%|▏         | 4/200 [00:01<01:08,  2.86it/s]
  2%|▎         | 5/200 [00:01<00:50,  3.85it/s]
  4%|▎         | 7/200 [00:02<00:34,  5.67it/s]
  4%|▍         | 9/200 [00:02<00:27,  6.99it/s]
  6%|▌         | 11/200 [00:02<00:23,  8.04it/s]
  6%|▋         | 13/200 [00:02<00:20,  8.92it/s]
  8%|▊         | 15/200 [00:02<00:19,  9.39it/s]
  8%|▊         | 17/200 [00:03<00:18,  9.77it/s]
 10%|▉         | 19/200 [00:03<00:18, 10.05it/s]
 10%|█         | 21/200 [00:03<00:17, 10.36it/s]
 12%|█▏        | 23/200 [00:03<00:16, 10.67it/s]
 12%|█▎        | 25/200 [00:04<00:32,  5.42it/s]
 13%|█▎        | 26/200 [00:04<00:29,  5.86it/s]
 14%|█▎        | 27/200 [00:04<00:27,  6.28it/s]
 14%|█▍        | 29/200 [00:04<00:23,  7.30it/s]
 15%|█▌        | 30/200 [00:04<00:22,  7.73it/s]
 16%|█▌        | 32/200 [00:05<00:19,  8.71it/s]
 16%|█▋        | 33/200 [00:05<00:18,  8.82it/s]
 17%|█▋        | 34/200 [00:05<00:18,  9.06it/s]
 18%|█▊        | 35/200 [00:05<00:17,  9.22it/s]
 18%|█▊        | 37/200 [00:05<00:17,  9.57it/s]
 19%|█▉        | 38/200 [00:05<00:16,  9.58it/s]
 20%|█▉        | 39/200 [00:05<00:16,  9.63it/s]
 20%|██        | 40/200 [00:05<00:17,  9.08it/s]
 21%|██        | 42/200 [00:06<00:16,  9.35it/s]
 22%|██▏       | 43/200 [00:06<00:17,  9.18it/s]
 22%|██▏       | 44/200 [00:06<00:17,  9.10it/s]
 22%|██▎       | 45/200 [00:06<00:16,  9.20it/s]
 23%|██▎       | 46/200 [00:06<00:17,  8.72it/s]
 24%|██▍       | 48/200 [00:07<00:31,  4.84it/s]
 25%|██▌       | 50/200 [00:07<00:25,  5.97it/s]
 26%|██▌       | 51/200 [00:07<00:22,  6.52it/s]
 26%|██▌       | 52/200 [00:07<00:20,  7.07it/s]
 26%|██▋       | 53/200 [00:07<00:19,  7.57it/s]
 27%|██▋       | 54/200 [00:07<00:18,  7.94it/s]
 28%|██▊       | 55/200 [00:07<00:17,  8.25it/s]
 28%|██▊       | 56/200 [00:08<00:17,  8.42it/s]
 28%|██▊       | 57/200 [00:08<00:16,  8.68it/s]
 29%|██▉       | 58/200 [00:08<00:15,  8.94it/s]
 30%|███       | 60/200 [00:08<00:15,  9.22it/s]
 30%|███       | 61/200 [00:08<00:15,  9.08it/s]
 31%|███       | 62/200 [00:08<00:15,  8.64it/s]
 32%|███▏      | 63/200 [00:08<00:15,  8.69it/s]
 32%|███▏      | 64/200 [00:08<00:15,  8.73it/s]
 32%|███▎      | 65/200 [00:09<00:15,  8.82it/s]
 33%|███▎      | 66/200 [00:09<00:15,  8.88it/s]
 34%|███▎      | 67/200 [00:09<00:14,  9.02it/s]
 34%|███▍      | 68/200 [00:09<00:14,  9.17it/s]
 35%|███▌      | 70/200 [00:09<00:14,  9.23it/s]
 36%|███▌      | 71/200 [00:09<00:13,  9.31it/s]
 36%|███▌      | 72/200 [00:10<00:29,  4.36it/s]
 37%|███▋      | 74/200 [00:10<00:22,  5.72it/s]
 38%|███▊      | 75/200 [00:10<00:20,  6.15it/s]
 38%|███▊      | 76/200 [00:10<00:18,  6.58it/s]
 38%|███▊      | 77/200 [00:10<00:17,  7.15it/s]
 39%|███▉      | 78/200 [00:10<00:16,  7.48it/s]
 40%|███▉      | 79/200 [00:11<00:15,  7.82it/s]
 40%|████      | 80/200 [00:11<00:14,  8.15it/s]
 40%|████      | 81/200 [00:11<00:14,  8.38it/s]
 41%|████      | 82/200 [00:11<00:14,  8.30it/s]
 42%|████▏     | 83/200 [00:11<00:13,  8.59it/s]
 42%|████▏     | 84/200 [00:11<00:13,  8.41it/s]
 42%|████▎     | 85/200 [00:11<00:14,  7.82it/s]
 43%|████▎     | 86/200 [00:11<00:14,  8.07it/s]
 44%|████▎     | 87/200 [00:12<00:13,  8.11it/s]
 44%|████▍     | 88/200 [00:12<00:13,  8.54it/s]
 44%|████▍     | 89/200 [00:12<00:12,  8.59it/s]
 45%|████▌     | 90/200 [00:12<00:13,  8.43it/s]
 46%|████▌     | 91/200 [00:12<00:12,  8.64it/s]
 46%|████▌     | 92/200 [00:12<00:12,  8.75it/s]
 46%|████▋     | 93/200 [00:12<00:12,  8.78it/s]
 47%|████▋     | 94/200 [00:12<00:12,  8.51it/s]
 48%|████▊     | 95/200 [00:12<00:12,  8.39it/s]
 48%|████▊     | 96/200 [00:13<00:27,  3.72it/s]
 49%|████▉     | 98/200 [00:13<00:19,  5.34it/s]
 50%|████▉     | 99/200 [00:13<00:17,  5.91it/s]
 50%|█████     | 100/200 [00:14<00:16,  5.98it/s]
 50%|█████     | 101/200 [00:14<00:15,  6.43it/s]
 51%|█████     | 102/200 [00:14<00:13,  7.01it/s]
 52%|█████▏    | 103/200 [00:14<00:13,  7.43it/s]
 52%|█████▏    | 104/200 [00:14<00:12,  7.79it/s]
 52%|█████▎    | 105/200 [00:14<00:11,  7.98it/s]
 53%|█████▎    | 106/200 [00:14<00:11,  8.28it/s]
 54%|█████▎    | 107/200 [00:14<00:10,  8.62it/s]
 54%|█████▍    | 108/200 [00:14<00:11,  8.34it/s]
 55%|█████▍    | 109/200 [00:15<00:11,  7.70it/s]
 55%|█████▌    | 110/200 [00:15<00:11,  7.89it/s]
 56%|█████▌    | 111/200 [00:15<00:11,  7.98it/s]
 56%|█████▌    | 112/200 [00:15<00:10,  8.35it/s]
 56%|█████▋    | 113/200 [00:15<00:10,  8.12it/s]
 57%|█████▋    | 114/200 [00:15<00:10,  7.93it/s]
 57%|█████▊    | 115/200 [00:15<00:10,  7.94it/s]
 58%|█████▊    | 116/200 [00:15<00:10,  8.05it/s]
 58%|█████▊    | 117/200 [00:16<00:10,  7.86it/s]
 59%|█████▉    | 118/200 [00:16<00:10,  8.14it/s]
 60%|█████▉    | 119/200 [00:16<00:09,  8.35it/s]
 60%|██████    | 120/200 [00:16<00:20,  3.99it/s]
 61%|██████    | 122/200 [00:17<00:13,  5.61it/s]
 62%|██████▏   | 123/200 [00:17<00:12,  5.96it/s]
 62%|██████▏   | 124/200 [00:17<00:12,  6.18it/s]
 62%|██████▎   | 125/200 [00:17<00:11,  6.77it/s]
 63%|██████▎   | 126/200 [00:17<00:10,  7.22it/s]
 64%|██████▎   | 127/200 [00:17<00:09,  7.61it/s]
 64%|██████▍   | 128/200 [00:17<00:09,  7.78it/s]
 64%|██████▍   | 129/200 [00:17<00:09,  7.85it/s]
 65%|██████▌   | 130/200 [00:18<00:08,  8.19it/s]
 66%|██████▌   | 131/200 [00:18<00:08,  8.33it/s]
 66%|██████▌   | 132/200 [00:18<00:08,  8.34it/s]
 66%|██████▋   | 133/200 [00:18<00:07,  8.50it/s]
 67%|██████▋   | 134/200 [00:18<00:08,  8.14it/s]
 68%|██████▊   | 135/200 [00:18<00:07,  8.21it/s]
 68%|██████▊   | 136/200 [00:18<00:07,  8.34it/s]
 68%|██████▊   | 137/200 [00:18<00:07,  8.45it/s]
 69%|██████▉   | 138/200 [00:19<00:07,  8.57it/s]
 70%|██████▉   | 139/200 [00:19<00:06,  8.73it/s]
 70%|███████   | 140/200 [00:19<00:06,  8.64it/s]
 70%|███████   | 141/200 [00:19<00:06,  8.73it/s]
 71%|███████   | 142/200 [00:19<00:06,  9.06it/s]
 72%|███████▏  | 143/200 [00:19<00:06,  8.85it/s]
 72%|███████▏  | 144/200 [00:20<00:14,  3.93it/s]
 73%|███████▎  | 146/200 [00:20<00:09,  5.54it/s]
 74%|███████▎  | 147/200 [00:20<00:08,  6.18it/s]
 74%|███████▍  | 148/200 [00:20<00:07,  6.74it/s]
 74%|███████▍  | 149/200 [00:20<00:07,  7.18it/s]
 75%|███████▌  | 150/200 [00:20<00:07,  6.97it/s]
 76%|███████▌  | 151/200 [00:20<00:06,  7.28it/s]
 76%|███████▌  | 152/200 [00:21<00:06,  7.47it/s]
 76%|███████▋  | 153/200 [00:21<00:06,  7.67it/s]
 77%|███████▋  | 154/200 [00:21<00:06,  7.64it/s]
 78%|███████▊  | 155/200 [00:21<00:05,  8.02it/s]
 78%|███████▊  | 156/200 [00:21<00:05,  8.31it/s]
 78%|███████▊  | 157/200 [00:21<00:05,  8.43it/s]
 79%|███████▉  | 158/200 [00:21<00:04,  8.68it/s]
 80%|███████▉  | 159/200 [00:21<00:04,  8.76it/s]
 80%|████████  | 160/200 [00:21<00:04,  8.47it/s]
 80%|████████  | 161/200 [00:22<00:04,  8.42it/s]
 81%|████████  | 162/200 [00:22<00:04,  8.52it/s]
 82%|████████▏ | 163/200 [00:22<00:04,  8.82it/s]
 82%|████████▏ | 164/200 [00:22<00:04,  8.40it/s]
 82%|████████▎ | 165/200 [00:22<00:04,  8.46it/s]
 83%|████████▎ | 166/200 [00:22<00:04,  8.15it/s]
 84%|████████▎ | 167/200 [00:22<00:04,  8.24it/s]
 84%|████████▍ | 168/200 [00:23<00:08,  3.66it/s]
 85%|████████▌ | 170/200 [00:23<00:05,  5.22it/s]
 86%|████████▌ | 171/200 [00:23<00:05,  5.72it/s]
 86%|████████▌ | 172/200 [00:23<00:04,  5.93it/s]
 86%|████████▋ | 173/200 [00:24<00:04,  6.00it/s]
 87%|████████▋ | 174/200 [00:24<00:04,  6.24it/s]
 88%|████████▊ | 175/200 [00:24<00:03,  6.57it/s]
 88%|████████▊ | 176/200 [00:24<00:03,  6.83it/s]
 88%|████████▊ | 177/200 [00:24<00:03,  7.16it/s]
 89%|████████▉ | 178/200 [00:24<00:02,  7.60it/s]
 90%|████████▉ | 179/200 [00:24<00:02,  7.28it/s]
 90%|█████████ | 180/200 [00:25<00:02,  7.16it/s]
 90%|█████████ | 181/200 [00:25<00:02,  7.22it/s]
 91%|█████████ | 182/200 [00:25<00:02,  7.67it/s]
 92%|█████████▏| 183/200 [00:25<00:02,  7.78it/s]
 92%|█████████▏| 184/200 [00:25<00:02,  7.80it/s]
 92%|█████████▎| 185/200 [00:25<00:01,  7.77it/s]
 93%|█████████▎| 186/200 [00:25<00:01,  7.68it/s]
 94%|█████████▎| 187/200 [00:25<00:01,  7.31it/s]
 94%|█████████▍| 188/200 [00:26<00:01,  7.63it/s]
 94%|█████████▍| 189/200 [00:26<00:01,  7.91it/s]
 95%|█████████▌| 190/200 [00:26<00:01,  8.14it/s]
 96%|█████████▌| 191/200 [00:26<00:01,  8.21it/s]
 96%|█████████▌| 192/200 [00:27<00:02,  3.67it/s]
 97%|█████████▋| 194/200 [00:27<00:01,  5.28it/s]
 98%|█████████▊| 195/200 [00:27<00:00,  5.88it/s]
 98%|█████████▊| 196/200 [00:27<00:00,  6.21it/s]
 98%|█████████▊| 197/200 [00:27<00:00,  6.60it/s]
 99%|█████████▉| 198/200 [00:27<00:00,  7.08it/s]
100%|█████████▉| 199/200 [00:27<00:00,  7.40it/s]
100%|██████████| 200/200 [00:28<00:00,  6.91it/s]
100%|██████████| 200/200 [00:28<00:00,  7.14it/s]
[skrl:INFO] Closing environment
I0220 18:14:32.732201 47376 base.py:80] Closing environment
[skrl:INFO] Environment closed
I0220 18:14:32.732201 47376 base.py:82] Environment closed
