Motphys profiler initialized: disabled
I0207 03:29:20.208072 30156 train.py:62] DeviceSupports(torch=True, torch_gpu=True, jax=False, jax_gpu=False)
[skrl:WARNING] Using `from skrl.envs.torch import ...` is deprecated and will be removed in future versions.
W0207 03:29:20.465012 30156 torch.py:5] Using `from skrl.envs.torch import ...` is deprecated and will be removed in future versions.
[skrl:WARNING]  - Import loaders using `from skrl.envs.loaders.torch import ...`
W0207 03:29:20.465012 30156 torch.py:6]  - Import loaders using `from skrl.envs.loaders.torch import ...`
[skrl:WARNING]  - Import wrappers using `from skrl.envs.wrappers.torch import ...`
W0207 03:29:20.465012 30156 torch.py:7]  - Import wrappers using `from skrl.envs.wrappers.torch import ...`
[skrl:INFO] Seed: 42
I0207 03:29:20.781188 30156 __init__.py:82] Seed: 42
I0207 03:29:23.846286 30156 ppo.py:356] torch.compile applied to model (mode=reduce-overhead)
[Info] 终止接触检测: 2基座geom × 1地面geom = 2对

  0%|          | 0/50 [00:00<?, ?it/s]
  2%|▏         | 1/50 [00:00<00:26,  1.87it/s]
  4%|▍         | 2/50 [00:00<00:15,  3.07it/s]
  6%|▌         | 3/50 [00:00<00:11,  3.97it/s]
  8%|▊         | 4/50 [00:01<00:10,  4.50it/s]
 10%|█         | 5/50 [00:01<00:09,  4.96it/s]
 12%|█▏        | 6/50 [00:01<00:08,  5.07it/s]
 14%|█▍        | 7/50 [00:01<00:07,  5.38it/s]
 16%|█▌        | 8/50 [00:01<00:07,  5.79it/s]
 18%|█▊        | 9/50 [00:01<00:06,  5.92it/s]
 20%|██        | 10/50 [00:02<00:06,  6.16it/s]
 22%|██▏       | 11/50 [00:02<00:05,  6.62it/s]
 24%|██▍       | 12/50 [00:02<00:05,  6.88it/s]
 26%|██▌       | 13/50 [00:02<00:05,  6.98it/s]
 28%|██▊       | 14/50 [00:02<00:05,  7.11it/s]
 30%|███       | 15/50 [00:02<00:04,  7.28it/s]
 32%|███▏      | 16/50 [00:02<00:04,  7.04it/s]
 34%|███▍      | 17/50 [00:03<00:05,  6.53it/s]
 36%|███▌      | 18/50 [00:03<00:05,  6.24it/s]
 38%|███▊      | 19/50 [00:03<00:05,  6.04it/s]
 40%|████      | 20/50 [00:03<00:04,  6.01it/s]
 42%|████▏     | 21/50 [00:03<00:04,  5.90it/s]
 44%|████▍     | 22/50 [00:03<00:04,  5.99it/s]
 46%|████▌     | 23/50 [00:04<00:04,  6.01it/s]
 48%|████▊     | 24/50 [00:07<00:28,  1.09s/it]
 50%|█████     | 25/50 [00:07<00:20,  1.22it/s]
 52%|█████▏    | 26/50 [00:07<00:15,  1.56it/s]
 54%|█████▍    | 27/50 [00:07<00:11,  1.93it/s]
 56%|█████▌    | 28/50 [00:08<00:09,  2.38it/s]
 58%|█████▊    | 29/50 [00:08<00:07,  2.83it/s]
 60%|██████    | 30/50 [00:08<00:06,  3.09it/s]
 62%|██████▏   | 31/50 [00:08<00:05,  3.34it/s]
 64%|██████▍   | 32/50 [00:09<00:04,  3.74it/s]
 66%|██████▌   | 33/50 [00:09<00:04,  4.02it/s]
 68%|██████▊   | 34/50 [00:09<00:03,  4.30it/s]
 70%|███████   | 35/50 [00:09<00:03,  4.50it/s]
 72%|███████▏  | 36/50 [00:09<00:03,  4.67it/s]
 74%|███████▍  | 37/50 [00:10<00:02,  4.76it/s]
 76%|███████▌  | 38/50 [00:10<00:02,  4.79it/s]
 78%|███████▊  | 39/50 [00:10<00:02,  4.91it/s]
 80%|████████  | 40/50 [00:10<00:02,  4.95it/s]
 82%|████████▏ | 41/50 [00:10<00:01,  5.00it/s]
 84%|████████▍ | 42/50 [00:11<00:01,  4.82it/s]
 86%|████████▌ | 43/50 [00:11<00:01,  4.32it/s]
 88%|████████▊ | 44/50 [00:11<00:01,  4.07it/s]
 90%|█████████ | 45/50 [00:11<00:01,  4.35it/s]
 92%|█████████▏| 46/50 [00:11<00:00,  4.56it/s]
 94%|█████████▍| 47/50 [00:12<00:00,  4.66it/s]
 96%|█████████▌| 48/50 [00:15<00:02,  1.20s/it]
 98%|█████████▊| 49/50 [00:15<00:00,  1.10it/s]
100%|██████████| 50/50 [00:16<00:00,  1.40it/s]
100%|██████████| 50/50 [00:16<00:00,  3.09it/s]
[skrl:INFO] Closing environment
I0207 03:29:40.273057 30156 base.py:80] Closing environment
[skrl:INFO] Environment closed
I0207 03:29:40.273057 30156 base.py:82] Environment closed
