Motphys profiler initialized: disabled
I0207 03:31:15.300239 20632 train.py:62] DeviceSupports(torch=True, torch_gpu=True, jax=False, jax_gpu=False)
[skrl:WARNING] Using `from skrl.envs.torch import ...` is deprecated and will be removed in future versions.
W0207 03:31:15.568831 20632 torch.py:5] Using `from skrl.envs.torch import ...` is deprecated and will be removed in future versions.
[skrl:WARNING]  - Import loaders using `from skrl.envs.loaders.torch import ...`
W0207 03:31:15.569612 20632 torch.py:6]  - Import loaders using `from skrl.envs.loaders.torch import ...`
[skrl:WARNING]  - Import wrappers using `from skrl.envs.wrappers.torch import ...`
W0207 03:31:15.569612 20632 torch.py:7]  - Import wrappers using `from skrl.envs.wrappers.torch import ...`
[skrl:INFO] Seed: 42
I0207 03:31:15.872160 20632 __init__.py:82] Seed: 42
I0207 03:31:18.929999 20632 ppo.py:356] torch.compile applied to model (mode=reduce-overhead)
[Info] 终止接触检测: 2基座geom × 1地面geom = 2对

  0%|          | 0/900 [00:00<?, ?it/s]
  0%|          | 1/900 [00:00<08:02,  1.86it/s]
  0%|          | 2/900 [00:00<04:38,  3.22it/s]
  0%|          | 3/900 [00:00<03:40,  4.07it/s]
  0%|          | 4/900 [00:01<03:10,  4.70it/s]
  1%|          | 5/900 [00:01<02:53,  5.16it/s]
  1%|          | 6/900 [00:01<02:47,  5.32it/s]
  1%|          | 7/900 [00:01<02:37,  5.65it/s]
  1%|          | 8/900 [00:01<02:24,  6.18it/s]
  1%|          | 9/900 [00:01<02:26,  6.10it/s]
  1%|          | 10/900 [00:01<02:24,  6.18it/s]
  1%|          | 11/900 [00:02<02:25,  6.12it/s]
  1%|▏         | 12/900 [00:02<02:24,  6.13it/s]
  1%|▏         | 13/900 [00:02<02:19,  6.37it/s]
  2%|▏         | 14/900 [00:02<02:19,  6.37it/s]
  2%|▏         | 15/900 [00:02<02:13,  6.65it/s]
  2%|▏         | 16/900 [00:02<02:12,  6.67it/s]
  2%|▏         | 17/900 [00:03<02:15,  6.51it/s]
  2%|▏         | 18/900 [00:03<02:09,  6.83it/s]
  2%|▏         | 19/900 [00:03<02:08,  6.84it/s]
  2%|▏         | 20/900 [00:03<02:12,  6.64it/s]
  2%|▏         | 21/900 [00:03<02:13,  6.60it/s]
  2%|▏         | 22/900 [00:03<02:16,  6.42it/s]
  3%|▎         | 23/900 [00:03<02:24,  6.05it/s]
  3%|▎         | 24/900 [00:06<14:11,  1.03it/s]
  3%|▎         | 25/900 [00:07<10:49,  1.35it/s]
  3%|▎         | 26/900 [00:07<08:27,  1.72it/s]
  3%|▎         | 27/900 [00:07<06:41,  2.18it/s]
  3%|▎         | 28/900 [00:07<05:28,  2.66it/s]
  3%|▎         | 29/900 [00:07<04:33,  3.19it/s]
  3%|▎         | 30/900 [00:07<03:53,  3.72it/s]
  3%|▎         | 31/900 [00:08<03:27,  4.19it/s]
  4%|▎         | 32/900 [00:08<03:10,  4.55it/s]
  4%|▎         | 33/900 [00:08<03:02,  4.74it/s]
  4%|▍         | 34/900 [00:08<02:58,  4.84it/s]
  4%|▍         | 35/900 [00:08<02:54,  4.96it/s]
  4%|▍         | 36/900 [00:09<02:41,  5.34it/s]
  4%|▍         | 37/900 [00:09<02:33,  5.63it/s]
  4%|▍         | 38/900 [00:09<02:30,  5.72it/s]
  4%|▍         | 39/900 [00:09<02:31,  5.69it/s]
  4%|▍         | 40/900 [00:09<02:32,  5.65it/s]
  5%|▍         | 41/900 [00:09<02:35,  5.54it/s]
  5%|▍         | 42/900 [00:10<02:40,  5.33it/s]
  5%|▍         | 43/900 [00:10<02:37,  5.43it/s]
  5%|▍         | 44/900 [00:10<02:33,  5.58it/s]
  5%|▌         | 45/900 [00:10<02:30,  5.69it/s]
  5%|▌         | 46/900 [00:10<02:29,  5.70it/s]
  5%|▌         | 47/900 [00:10<02:29,  5.72it/s]
  5%|▌         | 48/900 [00:13<12:33,  1.13it/s]
  5%|▌         | 49/900 [00:13<09:33,  1.48it/s]
  6%|▌         | 50/900 [00:13<07:27,  1.90it/s]
  6%|▌         | 51/900 [00:14<05:58,  2.37it/s]
  6%|▌         | 52/900 [00:14<04:48,  2.94it/s]
  6%|▌         | 53/900 [00:14<04:07,  3.43it/s]
  6%|▌         | 54/900 [00:14<03:35,  3.93it/s]
  6%|▌         | 55/900 [00:14<03:11,  4.42it/s]
  6%|▌         | 56/900 [00:14<02:52,  4.90it/s]
  6%|▋         | 57/900 [00:15<02:41,  5.21it/s]
  6%|▋         | 58/900 [00:15<02:36,  5.40it/s]
  7%|▋         | 59/900 [00:15<02:31,  5.55it/s]
  7%|▋         | 60/900 [00:15<02:29,  5.63it/s]
  7%|▋         | 61/900 [00:15<02:23,  5.83it/s]
  7%|▋         | 62/900 [00:15<02:22,  5.88it/s]
  7%|▋         | 63/900 [00:16<02:24,  5.79it/s]
  7%|▋         | 64/900 [00:16<02:23,  5.85it/s]
  7%|▋         | 65/900 [00:16<02:33,  5.43it/s]
  7%|▋         | 66/900 [00:16<02:35,  5.36it/s]
  7%|▋         | 67/900 [00:16<02:37,  5.28it/s]
  8%|▊         | 68/900 [00:16<02:31,  5.50it/s]
  8%|▊         | 69/900 [00:17<02:23,  5.80it/s]
  8%|▊         | 70/900 [00:17<02:34,  5.38it/s]
  8%|▊         | 71/900 [00:17<02:33,  5.39it/s]
  8%|▊         | 72/900 [00:19<11:58,  1.15it/s]
  8%|▊         | 73/900 [00:20<09:13,  1.49it/s]
  8%|▊         | 74/900 [00:20<07:19,  1.88it/s]
  8%|▊         | 75/900 [00:20<05:56,  2.32it/s]
  8%|▊         | 76/900 [00:20<04:56,  2.78it/s]
  9%|▊         | 77/900 [00:20<04:08,  3.31it/s]
  9%|▊         | 78/900 [00:21<03:40,  3.73it/s]
  9%|▉         | 79/900 [00:21<03:19,  4.11it/s]
  9%|▉         | 80/900 [00:21<03:04,  4.45it/s]
  9%|▉         | 81/900 [00:21<02:48,  4.87it/s]
  9%|▉         | 82/900 [00:21<02:39,  5.13it/s]
  9%|▉         | 83/900 [00:21<02:33,  5.33it/s]
  9%|▉         | 84/900 [00:22<02:38,  5.16it/s]
  9%|▉         | 85/900 [00:22<02:35,  5.26it/s]
 10%|▉         | 86/900 [00:22<02:39,  5.09it/s]
 10%|▉         | 87/900 [00:22<02:32,  5.32it/s]
 10%|▉         | 88/900 [00:22<02:33,  5.28it/s]
 10%|▉         | 89/900 [00:23<02:27,  5.51it/s]
 10%|█         | 90/900 [00:23<02:29,  5.41it/s]
 10%|█         | 91/900 [00:23<02:30,  5.38it/s]
 10%|█         | 92/900 [00:23<02:28,  5.44it/s]
 10%|█         | 93/900 [00:23<02:23,  5.62it/s]
 10%|█         | 94/900 [00:24<02:28,  5.44it/s]
 11%|█         | 95/900 [00:24<02:27,  5.45it/s]
 11%|█         | 96/900 [00:26<11:49,  1.13it/s]
 11%|█         | 97/900 [00:26<09:03,  1.48it/s]
 11%|█         | 98/900 [00:27<07:07,  1.88it/s]
 11%|█         | 99/900 [00:27<05:37,  2.37it/s]
 11%|█         | 100/900 [00:27<04:52,  2.74it/s]
 11%|█         | 101/900 [00:27<04:08,  3.22it/s]
 11%|█▏        | 102/900 [00:27<03:35,  3.70it/s]
 11%|█▏        | 103/900 [00:28<03:09,  4.20it/s]
 12%|█▏        | 104/900 [00:28<02:59,  4.45it/s]
 12%|█▏        | 105/900 [00:28<02:49,  4.68it/s]
 12%|█▏        | 106/900 [00:28<02:49,  4.68it/s]
 12%|█▏        | 107/900 [00:28<02:46,  4.75it/s]
 12%|█▏        | 108/900 [00:29<02:38,  5.00it/s]
 12%|█▏        | 109/900 [00:29<02:37,  5.01it/s]
 12%|█▏        | 110/900 [00:29<02:30,  5.25it/s]
 12%|█▏        | 111/900 [00:29<02:29,  5.27it/s]
 12%|█▏        | 112/900 [00:29<02:29,  5.27it/s]
 13%|█▎        | 113/900 [00:29<02:24,  5.43it/s]
 13%|█▎        | 114/900 [00:30<02:33,  5.14it/s]
 13%|█▎        | 115/900 [00:30<02:33,  5.10it/s]
 13%|█▎        | 116/900 [00:30<02:31,  5.17it/s]
 13%|█▎        | 117/900 [00:30<02:29,  5.25it/s]
 13%|█▎        | 118/900 [00:30<02:23,  5.44it/s]
 13%|█▎        | 119/900 [00:31<02:16,  5.73it/s]
 13%|█▎        | 120/900 [00:33<11:24,  1.14it/s]
 13%|█▎        | 121/900 [00:33<08:48,  1.47it/s]
 14%|█▎        | 122/900 [00:34<07:01,  1.85it/s]
 14%|█▎        | 123/900 [00:34<05:37,  2.30it/s]
 14%|█▍        | 124/900 [00:34<04:34,  2.83it/s]
 14%|█▍        | 125/900 [00:34<03:57,  3.26it/s]
 14%|█▍        | 126/900 [00:34<03:22,  3.81it/s]
 14%|█▍        | 127/900 [00:34<03:02,  4.24it/s]
 14%|█▍        | 128/900 [00:35<02:52,  4.47it/s]
 14%|█▍        | 129/900 [00:35<02:41,  4.79it/s]
 14%|█▍        | 130/900 [00:35<02:35,  4.95it/s]
 15%|█▍        | 131/900 [00:35<02:27,  5.22it/s]
 15%|█▍        | 132/900 [00:35<02:25,  5.27it/s]
 15%|█▍        | 133/900 [00:35<02:24,  5.29it/s]
 15%|█▍        | 134/900 [00:36<02:27,  5.21it/s]
 15%|█▌        | 135/900 [00:36<02:23,  5.31it/s]
 15%|█▌        | 136/900 [00:36<02:21,  5.40it/s]
 15%|█▌        | 137/900 [00:36<02:26,  5.21it/s]
 15%|█▌        | 138/900 [00:36<02:20,  5.41it/s]
 15%|█▌        | 139/900 [00:37<02:22,  5.33it/s]
 16%|█▌        | 140/900 [00:37<02:17,  5.51it/s]
 16%|█▌        | 141/900 [00:37<02:12,  5.73it/s]
 16%|█▌        | 142/900 [00:37<02:12,  5.71it/s]
 16%|█▌        | 143/900 [00:37<02:12,  5.70it/s]
 16%|█▌        | 144/900 [00:40<10:54,  1.15it/s]
 16%|█▌        | 145/900 [00:40<08:21,  1.50it/s]
 16%|█▌        | 146/900 [00:40<06:35,  1.91it/s]
 16%|█▋        | 147/900 [00:40<05:19,  2.36it/s]
 16%|█▋        | 148/900 [00:41<04:20,  2.89it/s]
 17%|█▋        | 149/900 [00:41<03:41,  3.39it/s]
 17%|█▋        | 150/900 [00:41<03:15,  3.83it/s]
 17%|█▋        | 151/900 [00:41<02:58,  4.20it/s]
 17%|█▋        | 152/900 [00:41<02:45,  4.53it/s]
 17%|█▋        | 153/900 [00:41<02:35,  4.79it/s]
 17%|█▋        | 154/900 [00:42<02:33,  4.86it/s]
 17%|█▋        | 155/900 [00:42<02:28,  5.01it/s]
 17%|█▋        | 156/900 [00:42<02:26,  5.08it/s]
 17%|█▋        | 157/900 [00:42<02:22,  5.22it/s]
 18%|█▊        | 158/900 [00:42<02:23,  5.16it/s]
 18%|█▊        | 159/900 [00:43<02:18,  5.36it/s]
 18%|█▊        | 160/900 [00:43<02:14,  5.51it/s]
 18%|█▊        | 161/900 [00:43<02:17,  5.39it/s]
 18%|█▊        | 162/900 [00:43<02:18,  5.33it/s]
 18%|█▊        | 163/900 [00:43<02:19,  5.28it/s]
 18%|█▊        | 164/900 [00:43<02:15,  5.41it/s]
 18%|█▊        | 165/900 [00:44<02:09,  5.66it/s]
 18%|█▊        | 166/900 [00:44<02:10,  5.62it/s]
 19%|█▊        | 167/900 [00:44<02:10,  5.60it/s]
 19%|█▊        | 168/900 [00:47<11:18,  1.08it/s]
 19%|█▉        | 169/900 [00:47<08:47,  1.39it/s]
 19%|█▉        | 170/900 [00:47<06:58,  1.75it/s]
 19%|█▉        | 171/900 [00:47<05:33,  2.19it/s]
 19%|█▉        | 172/900 [00:47<04:32,  2.67it/s]
 19%|█▉        | 173/900 [00:48<03:48,  3.18it/s]
 19%|█▉        | 174/900 [00:48<03:23,  3.56it/s]
 19%|█▉        | 175/900 [00:48<02:58,  4.06it/s]
 20%|█▉        | 176/900 [00:48<02:45,  4.38it/s]
 20%|█▉        | 177/900 [00:48<02:35,  4.64it/s]
 20%|█▉        | 178/900 [00:49<02:31,  4.77it/s]
 20%|█▉        | 179/900 [00:49<02:34,  4.67it/s]
 20%|██        | 180/900 [00:49<02:34,  4.67it/s]
 20%|██        | 181/900 [00:49<02:30,  4.76it/s]
 20%|██        | 182/900 [00:49<02:32,  4.70it/s]
 20%|██        | 183/900 [00:50<02:28,  4.83it/s]
 20%|██        | 184/900 [00:50<02:20,  5.09it/s]
 21%|██        | 185/900 [00:50<02:20,  5.09it/s]
 21%|██        | 186/900 [00:50<02:18,  5.17it/s]
 21%|██        | 187/900 [00:50<02:18,  5.14it/s]
 21%|██        | 188/900 [00:51<02:14,  5.28it/s]
 21%|██        | 189/900 [00:51<02:15,  5.26it/s]
 21%|██        | 190/900 [00:51<02:16,  5.19it/s]
 21%|██        | 191/900 [00:51<02:15,  5.22it/s]
 21%|██▏       | 192/900 [00:54<11:59,  1.02s/it]
 21%|██▏       | 193/900 [00:54<09:07,  1.29it/s]
 22%|██▏       | 194/900 [00:55<07:09,  1.64it/s]
 22%|██▏       | 195/900 [00:55<05:46,  2.04it/s]
 22%|██▏       | 196/900 [00:55<04:41,  2.50it/s]
 22%|██▏       | 197/900 [00:55<03:53,  3.02it/s]
 22%|██▏       | 198/900 [00:55<03:21,  3.49it/s]
 22%|██▏       | 199/900 [00:55<03:05,  3.79it/s]
 22%|██▏       | 200/900 [00:56<03:04,  3.79it/s]
 22%|██▏       | 201/900 [00:56<02:46,  4.19it/s]
 22%|██▏       | 202/900 [00:56<02:38,  4.40it/s]
 23%|██▎       | 203/900 [00:56<02:33,  4.55it/s]
 23%|██▎       | 204/900 [00:57<02:25,  4.80it/s]
 23%|██▎       | 205/900 [00:57<02:15,  5.14it/s]
 23%|██▎       | 206/900 [00:57<02:14,  5.17it/s]
 23%|██▎       | 207/900 [00:57<02:15,  5.12it/s]
 23%|██▎       | 208/900 [00:57<02:13,  5.20it/s]
 23%|██▎       | 209/900 [00:57<02:08,  5.36it/s]
 23%|██▎       | 210/900 [00:58<02:03,  5.60it/s]
 23%|██▎       | 211/900 [00:58<02:07,  5.42it/s]
 24%|██▎       | 212/900 [00:58<02:08,  5.33it/s]
 24%|██▎       | 213/900 [00:58<02:04,  5.53it/s]
 24%|██▍       | 214/900 [00:58<02:09,  5.31it/s]
 24%|██▍       | 215/900 [00:59<02:09,  5.30it/s]
 24%|██▍       | 216/900 [01:01<10:56,  1.04it/s]
 24%|██▍       | 217/900 [01:02<08:21,  1.36it/s]
 24%|██▍       | 218/900 [01:02<06:33,  1.73it/s]
 24%|██▍       | 219/900 [01:02<05:15,  2.16it/s]
 24%|██▍       | 220/900 [01:02<04:15,  2.66it/s]
 25%|██▍       | 221/900 [01:02<03:35,  3.15it/s]
 25%|██▍       | 222/900 [01:02<03:06,  3.63it/s]
 25%|██▍       | 223/900 [01:03<02:48,  4.03it/s]
 25%|██▍       | 224/900 [01:03<02:35,  4.35it/s]
 25%|██▌       | 225/900 [01:03<02:20,  4.79it/s]
 25%|██▌       | 226/900 [01:03<02:20,  4.79it/s]
 25%|██▌       | 227/900 [01:03<02:18,  4.87it/s]
 25%|██▌       | 228/900 [01:04<02:16,  4.92it/s]
 25%|██▌       | 229/900 [01:04<02:19,  4.82it/s]
 26%|██▌       | 230/900 [01:04<02:14,  4.97it/s]
 26%|██▌       | 231/900 [01:04<02:12,  5.05it/s]
 26%|██▌       | 232/900 [01:04<02:07,  5.26it/s]
 26%|██▌       | 233/900 [01:05<02:04,  5.34it/s]
 26%|██▌       | 234/900 [01:05<02:04,  5.37it/s]
 26%|██▌       | 235/900 [01:05<01:59,  5.56it/s]
 26%|██▌       | 236/900 [01:05<02:06,  5.27it/s]
 26%|██▋       | 237/900 [01:05<02:04,  5.33it/s]
 26%|██▋       | 238/900 [01:05<01:58,  5.57it/s]
 27%|██▋       | 239/900 [01:06<02:02,  5.39it/s]
 27%|██▋       | 240/900 [01:08<09:27,  1.16it/s]
 27%|██▋       | 241/900 [01:08<07:14,  1.52it/s]
 27%|██▋       | 242/900 [01:08<05:45,  1.90it/s]
 27%|██▋       | 243/900 [01:09<04:38,  2.36it/s]
 27%|██▋       | 244/900 [01:09<03:52,  2.82it/s]
 27%|██▋       | 245/900 [01:09<03:14,  3.36it/s]
 27%|██▋       | 246/900 [01:09<02:52,  3.78it/s]
 27%|██▋       | 247/900 [01:09<02:33,  4.25it/s]
 28%|██▊       | 248/900 [01:10<02:26,  4.44it/s]
 28%|██▊       | 249/900 [01:10<02:20,  4.65it/s]
 28%|██▊       | 250/900 [01:10<02:14,  4.85it/s]
 28%|██▊       | 251/900 [01:10<02:12,  4.90it/s]
 28%|██▊       | 252/900 [01:10<02:06,  5.14it/s]
 28%|██▊       | 253/900 [01:11<02:02,  5.28it/s]
 28%|██▊       | 254/900 [01:11<02:02,  5.27it/s]
 28%|██▊       | 255/900 [01:11<01:58,  5.43it/s]
 28%|██▊       | 256/900 [01:11<01:53,  5.67it/s]
 29%|██▊       | 257/900 [01:11<01:52,  5.70it/s]
 29%|██▊       | 258/900 [01:11<01:58,  5.41it/s]
 29%|██▉       | 259/900 [01:12<01:58,  5.39it/s]
 29%|██▉       | 260/900 [01:12<02:03,  5.20it/s]
 29%|██▉       | 261/900 [01:12<02:03,  5.17it/s]
 29%|██▉       | 262/900 [01:12<01:59,  5.36it/s]
 29%|██▉       | 263/900 [01:12<02:01,  5.24it/s]
 29%|██▉       | 264/900 [01:15<10:30,  1.01it/s]
 29%|██▉       | 265/900 [01:15<07:56,  1.33it/s]
 30%|██▉       | 266/900 [01:16<06:15,  1.69it/s]
 30%|██▉       | 267/900 [01:16<05:03,  2.09it/s]
 30%|██▉       | 268/900 [01:16<04:08,  2.54it/s]
 30%|██▉       | 269/900 [01:16<03:30,  3.00it/s]
 30%|███       | 270/900 [01:16<03:07,  3.36it/s]
 30%|███       | 271/900 [01:17<02:48,  3.74it/s]
 30%|███       | 272/900 [01:17<02:30,  4.16it/s]
 30%|███       | 273/900 [01:17<02:16,  4.60it/s]
 30%|███       | 274/900 [01:17<02:09,  4.82it/s]
 31%|███       | 275/900 [01:17<02:06,  4.92it/s]
 31%|███       | 276/900 [01:18<02:00,  5.18it/s]
 31%|███       | 277/900 [01:18<02:01,  5.11it/s]
 31%|███       | 278/900 [01:18<01:57,  5.30it/s]
 31%|███       | 279/900 [01:18<01:53,  5.48it/s]
 31%|███       | 280/900 [01:18<01:53,  5.46it/s]
 31%|███       | 281/900 [01:18<01:51,  5.56it/s]
 31%|███▏      | 282/900 [01:19<01:50,  5.58it/s]
 31%|███▏      | 283/900 [01:19<01:49,  5.64it/s]
 32%|███▏      | 284/900 [01:19<01:51,  5.54it/s]
 32%|███▏      | 285/900 [01:19<01:48,  5.66it/s]
 32%|███▏      | 286/900 [01:19<01:47,  5.72it/s]
 32%|███▏      | 287/900 [01:20<01:50,  5.52it/s]
 32%|███▏      | 288/900 [01:22<09:22,  1.09it/s]
 32%|███▏      | 289/900 [01:22<07:12,  1.41it/s]
 32%|███▏      | 290/900 [01:23<05:43,  1.78it/s]
 32%|███▏      | 291/900 [01:23<04:35,  2.21it/s]
 32%|███▏      | 292/900 [01:23<03:49,  2.65it/s]
 33%|███▎      | 293/900 [01:23<03:12,  3.15it/s]
 33%|███▎      | 294/900 [01:23<02:49,  3.57it/s]
 33%|███▎      | 295/900 [01:24<02:27,  4.10it/s]
 33%|███▎      | 296/900 [01:24<02:14,  4.50it/s]
 33%|███▎      | 297/900 [01:24<02:05,  4.81it/s]
 33%|███▎      | 298/900 [01:24<01:58,  5.09it/s]
 33%|███▎      | 299/900 [01:24<01:58,  5.06it/s]
 33%|███▎      | 300/900 [01:24<02:10,  4.60it/s]
 33%|███▎      | 301/900 [01:25<02:03,  4.84it/s]
 34%|███▎      | 302/900 [01:25<02:02,  4.87it/s]
 34%|███▎      | 303/900 [01:25<01:57,  5.09it/s]
 34%|███▍      | 304/900 [01:25<01:56,  5.10it/s]
 34%|███▍      | 305/900 [01:25<01:56,  5.10it/s]
 34%|███▍      | 306/900 [01:26<01:50,  5.40it/s]
 34%|███▍      | 307/900 [01:26<01:53,  5.22it/s]
 34%|███▍      | 308/900 [01:26<01:54,  5.19it/s]
 34%|███▍      | 309/900 [01:26<01:55,  5.11it/s]
 34%|███▍      | 310/900 [01:26<01:50,  5.34it/s]
 35%|███▍      | 311/900 [01:27<01:52,  5.24it/s]
 35%|███▍      | 312/900 [01:29<09:24,  1.04it/s]
 35%|███▍      | 313/900 [01:30<07:11,  1.36it/s]
 35%|███▍      | 314/900 [01:30<05:40,  1.72it/s]
 35%|███▌      | 315/900 [01:30<04:32,  2.15it/s]
 35%|███▌      | 316/900 [01:30<03:39,  2.65it/s]
 35%|███▌      | 317/900 [01:30<03:09,  3.08it/s]
 35%|███▌      | 318/900 [01:31<02:44,  3.53it/s]
 35%|███▌      | 319/900 [01:31<02:29,  3.88it/s]
 36%|███▌      | 320/900 [01:31<02:13,  4.35it/s]
 36%|███▌      | 321/900 [01:31<02:06,  4.58it/s]
 36%|███▌      | 322/900 [01:31<02:06,  4.58it/s]
 36%|███▌      | 323/900 [01:31<02:01,  4.75it/s]
 36%|███▌      | 324/900 [01:32<01:59,  4.83it/s]
 36%|███▌      | 325/900 [01:32<01:55,  4.96it/s]
 36%|███▌      | 326/900 [01:32<01:55,  4.97it/s]
 36%|███▋      | 327/900 [01:32<01:49,  5.25it/s]
 36%|███▋      | 328/900 [01:32<01:49,  5.20it/s]
 37%|███▋      | 329/900 [01:33<01:50,  5.15it/s]
 37%|███▋      | 330/900 [01:33<01:51,  5.10it/s]
 37%|███▋      | 331/900 [01:33<01:49,  5.18it/s]
 37%|███▋      | 332/900 [01:33<01:47,  5.29it/s]
 37%|███▋      | 333/900 [01:33<01:44,  5.43it/s]
 37%|███▋      | 334/900 [01:34<01:40,  5.61it/s]
